1e_athey_100/data_train_enc_0.25_4.csv
1e_athey_100/data_test_0.1_2.csv
1e_athey_100/data_test_enc_0.25_2.csv
1e_athey_100/data_test_enc_0.25_3.csv
1e_athey_100/data_test_0.1_3.csv
1e_athey_100/data_train_enc_0.25_5.csv
1e_athey_100/data_test_0.1_1.csv
1e_athey_100/data_test_0.5_5.csv
1e_athey_100/data_test_enc_0.25_1.csv
1e_athey_100/data_test_0.5_4.csv
1e_athey_100/data_train_enc_0.25_2.csv
1e_athey_100/data_test_0.1_4.csv
1e_athey_100/._.DS_Store
1e_athey_100/.DS_Store
1e_athey_100/data_test_enc_0.25_4.csv
1e_athey_100/data_test_enc_0.25_5.csv
1e_athey_100/data_test_0.5_1.csv
1e_athey_100/data_test_0.1_5.csv
1e_athey_100/data_train_enc_0.25_3.csv
1e_athey_100/data_train_enc_0.25_1.csv
1e_athey_100/data_test_0.5_3.csv
1e_athey_100/data_test_0.5_2.csv
1e_athey_100/data_test_0.25_5.csv
1e_athey_100/data_test_enc_0.9_3.csv
1e_athey_100/data_train_0.1_4.csv
1e_athey_100/data_train_0.25_4.csv
1e_athey_100/data_train_0.25_5.csv
1e_athey_100/data_train_0.1_5.csv
1e_athey_100/data_test_enc_0.9_2.csv
1e_athey_100/data_test_0.25_4.csv
1e_athey_100/data_train_0.5_1.csv
1e_athey_100/data_train_0.5_3.csv
1e_athey_100/data_train_enc_0.9_5.csv
1e_athey_100/data_test_enc_0.9_1.csv
1e_athey_100/data_train_enc_0.9_4.csv
1e_athey_100/data_train_0.5_2.csv
1e_athey_100/data_test_0.25_3.csv
1e_athey_100/data_test_enc_0.9_5.csv
1e_athey_100/data_train_0.1_2.csv
1e_athey_100/data_train_0.25_2.csv
1e_athey_100/data_train_0.25_3.csv
1e_athey_100/data_train_0.1_3.csv
1e_athey_100/data_test_enc_0.9_4.csv
1e_athey_100/data_train_enc_0.9_1.csv
1e_athey_100/data_test_0.25_2.csv
1e_athey_100/data_train_0.5_5.csv
1e_athey_100/data_train_enc_0.9_3.csv
1e_athey_100/data_train_0.1_1.csv
1e_athey_100/data_train_0.25_1.csv
1e_athey_100/data_train_enc_0.9_2.csv
1e_athey_100/data_test_0.25_1.csv
1e_athey_100/data_train_0.5_4.csv
1e_athey_100/data_train_0.75_1.csv
1e_athey_100/data_train_enc_0.5_2.csv
1e_athey_100/data_train_0.9_4.csv
1e_athey_100/data_test_enc_0.1_3.csv
1e_athey_100/data_test_0.75_1.csv
1e_athey_100/data_test_enc_0.1_2.csv
1e_athey_100/data_train_0.9_5.csv
1e_athey_100/data_train_enc_0.5_3.csv
1e_athey_100/data_test_enc_0.5_4.csv
1e_athey_100/data_train_0.75_2.csv
1e_athey_100/data_train_enc_0.5_1.csv
1e_athey_100/data_test_0.75_3.csv
1e_athey_100/data_train_enc_0.1_5.csv
1e_athey_100/data_train_enc_0.1_4.csv
1e_athey_100/data_test_0.75_2.csv
1e_athey_100/data_test_enc_0.1_1.csv
1e_athey_100/data_train_0.75_3.csv
1e_athey_100/data_test_enc_0.5_5.csv
1e_athey_100/data_test_enc_0.5_1.csv
1e_athey_100/data_train_enc_0.5_4.csv
1e_athey_100/data_train_0.9_2.csv
1e_athey_100/data_test_enc_0.1_5.csv
1e_athey_100/data_train_enc_0.1_1.csv
1e_athey_100/data_test_enc_0.1_4.csv
1e_athey_100/data_train_0.9_3.csv
1e_athey_100/data_train_enc_0.5_5.csv
1e_athey_100/data_train_0.75_4.csv
1e_athey_100/data_test_enc_0.5_2.csv
1e_athey_100/data_train_0.9_1.csv
1e_athey_100/data_test_0.75_5.csv
1e_athey_100/data_train_enc_0.1_3.csv
1e_athey_100/data_train_enc_0.1_2.csv
1e_athey_100/data_test_0.75_4.csv
1e_athey_100/data_test_enc_0.5_3.csv
1e_athey_100/data_train_0.75_5.csv
1e_athey_100/data_train_enc_0.75_1.csv
1e_athey_100/data_test_0.9_2.csv
1e_athey_100/data_test_0.9_3.csv
1e_athey_100/data_test_enc_0.75_4.csv
1e_athey_100/data_test_0.9_1.csv
1e_athey_100/data_train_enc_0.75_2.csv
1e_athey_100/data_train_enc_0.75_3.csv
1e_athey_100/data_test_enc_0.75_5.csv
1e_athey_100/data_test_enc_0.75_1.csv
1e_athey_100/data_test_0.9_4.csv
1e_athey_100/data_test_0.9_5.csv
1e_athey_100/data_test_enc_0.75_2.csv
1e_athey_100/data_train_enc_0.75_4.csv
1e_athey_100/data_train_enc_0.75_5.csv
1e_athey_100/data_test_enc_0.75_3.csv
1e_athey_500/data_train_enc_0.25_4.csv
1e_athey_500/data_test_0.1_2.csv
1e_athey_500/data_test_enc_0.25_2.csv
1e_athey_500/data_test_enc_0.25_3.csv
1e_athey_500/data_test_0.1_3.csv
1e_athey_500/data_train_enc_0.25_5.csv
1e_athey_500/data_test_0.1_1.csv
1e_athey_500/data_test_0.5_5.csv
1e_athey_500/data_test_enc_0.25_1.csv
1e_athey_500/data_test_0.5_4.csv
1e_athey_500/data_train_enc_0.25_2.csv
1e_athey_500/data_test_0.1_4.csv
1e_athey_500/._.DS_Store
1e_athey_500/.DS_Store
1e_athey_500/data_test_enc_0.25_4.csv
1e_athey_500/data_test_enc_0.25_5.csv
1e_athey_500/data_test_0.5_1.csv
1e_athey_500/data_test_0.1_5.csv
1e_athey_500/data_train_enc_0.25_3.csv
1e_athey_500/data_train_enc_0.25_1.csv
1e_athey_500/data_test_0.5_3.csv
1e_athey_500/data_test_0.5_2.csv
1e_athey_500/data_test_0.25_5.csv
1e_athey_500/data_test_enc_0.9_3.csv
1e_athey_500/data_train_0.1_4.csv
1e_athey_500/data_train_0.25_4.csv
1e_athey_500/data_train_0.25_5.csv
1e_athey_500/data_train_0.1_5.csv
1e_athey_500/data_test_enc_0.9_2.csv
1e_athey_500/data_test_0.25_4.csv
1e_athey_500/data_train_0.5_1.csv
1e_athey_500/data_train_0.5_3.csv
1e_athey_500/data_train_enc_0.9_5.csv
1e_athey_500/data_test_enc_0.9_1.csv
1e_athey_500/data_train_enc_0.9_4.csv
1e_athey_500/data_train_0.5_2.csv
1e_athey_500/data_test_0.25_3.csv
1e_athey_500/data_test_enc_0.9_5.csv
1e_athey_500/data_train_0.1_2.csv
1e_athey_500/data_train_0.25_2.csv
1e_athey_500/data_train_0.25_3.csv
1e_athey_500/data_train_0.1_3.csv
1e_athey_500/data_test_enc_0.9_4.csv
1e_athey_500/data_train_enc_0.9_1.csv
1e_athey_500/data_test_0.25_2.csv
1e_athey_500/data_train_0.5_5.csv
1e_athey_500/data_train_enc_0.9_3.csv
1e_athey_500/data_train_0.1_1.csv
1e_athey_500/data_train_0.25_1.csv
1e_athey_500/data_train_enc_0.9_2.csv
1e_athey_500/data_test_0.25_1.csv
1e_athey_500/data_train_0.5_4.csv
1e_athey_500/data_train_0.75_1.csv
1e_athey_500/data_train_enc_0.5_2.csv
1e_athey_500/data_train_0.9_4.csv
1e_athey_500/data_test_enc_0.1_3.csv
1e_athey_500/data_test_0.75_1.csv
1e_athey_500/data_test_enc_0.1_2.csv
1e_athey_500/data_train_0.9_5.csv
1e_athey_500/data_train_enc_0.5_3.csv
1e_athey_500/data_test_enc_0.5_4.csv
1e_athey_500/data_train_0.75_2.csv
1e_athey_500/data_train_enc_0.5_1.csv
1e_athey_500/data_test_0.75_3.csv
1e_athey_500/data_train_enc_0.1_5.csv
1e_athey_500/data_train_enc_0.1_4.csv
1e_athey_500/data_test_0.75_2.csv
1e_athey_500/data_test_enc_0.1_1.csv
1e_athey_500/data_train_0.75_3.csv
1e_athey_500/data_test_enc_0.5_5.csv
1e_athey_500/data_test_enc_0.5_1.csv
1e_athey_500/data_train_enc_0.5_4.csv
1e_athey_500/data_train_0.9_2.csv
1e_athey_500/data_test_enc_0.1_5.csv
1e_athey_500/data_train_enc_0.1_1.csv
1e_athey_500/data_test_enc_0.1_4.csv
1e_athey_500/data_train_0.9_3.csv
1e_athey_500/data_train_enc_0.5_5.csv
1e_athey_500/data_train_0.75_4.csv
1e_athey_500/data_test_enc_0.5_2.csv
1e_athey_500/data_train_0.9_1.csv
1e_athey_500/data_test_0.75_5.csv
1e_athey_500/data_train_enc_0.1_3.csv
1e_athey_500/data_train_enc_0.1_2.csv
1e_athey_500/data_test_0.75_4.csv
1e_athey_500/data_test_enc_0.5_3.csv
1e_athey_500/data_train_0.75_5.csv
1e_athey_500/data_train_enc_0.75_1.csv
1e_athey_500/data_test_0.9_2.csv
1e_athey_500/data_test_0.9_3.csv
1e_athey_500/data_test_enc_0.75_4.csv
1e_athey_500/data_test_0.9_1.csv
1e_athey_500/data_train_enc_0.75_2.csv
1e_athey_500/data_train_enc_0.75_3.csv
1e_athey_500/data_test_enc_0.75_5.csv
1e_athey_500/data_test_enc_0.75_1.csv
1e_athey_500/data_test_0.9_4.csv
1e_athey_500/data_test_0.9_5.csv
1e_athey_500/data_test_enc_0.75_2.csv
1e_athey_500/data_train_enc_0.75_4.csv
1e_athey_500/data_train_enc_0.75_5.csv
1e_athey_500/data_test_enc_0.75_3.csv
1e_athey_100_learned/data_train_enc_0.25_4.csv
1e_athey_100_learned/data_train_enc_0.25_5.csv
1e_athey_100_learned/data_train_enc_0.25_2.csv
1e_athey_100_learned/._.DS_Store
1e_athey_100_learned/.DS_Store
1e_athey_100_learned/data_train_enc_0.25_3.csv
1e_athey_100_learned/data_train_enc_0.25_1.csv
1e_athey_100_learned/data_train_0.1_4.csv
1e_athey_100_learned/data_train_0.25_4.csv
1e_athey_100_learned/data_train_0.25_5.csv
1e_athey_100_learned/data_train_0.1_5.csv
1e_athey_100_learned/data_train_0.5_1.csv
1e_athey_100_learned/data_train_0.5_3.csv
1e_athey_100_learned/data_train_enc_0.9_5.csv
1e_athey_100_learned/data_train_enc_0.9_4.csv
1e_athey_100_learned/data_train_0.5_2.csv
1e_athey_100_learned/data_train_0.1_2.csv
1e_athey_100_learned/data_train_0.25_2.csv
1e_athey_100_learned/data_train_0.25_3.csv
1e_athey_100_learned/data_train_0.1_3.csv
1e_athey_100_learned/data_train_enc_0.9_1.csv
1e_athey_100_learned/data_train_0.5_5.csv
1e_athey_100_learned/data_train_enc_0.9_3.csv
1e_athey_100_learned/data_train_0.1_1.csv
1e_athey_100_learned/data_train_0.25_1.csv
1e_athey_100_learned/data_train_enc_0.9_2.csv
1e_athey_100_learned/data_train_0.5_4.csv
1e_athey_100_learned/data_train_0.75_1.csv
1e_athey_100_learned/data_train_enc_0.5_2.csv
1e_athey_100_learned/data_train_0.9_4.csv
1e_athey_100_learned/data_train_0.9_5.csv
1e_athey_100_learned/data_train_enc_0.5_3.csv
1e_athey_100_learned/data_train_0.75_2.csv
1e_athey_100_learned/data_train_enc_0.5_1.csv
1e_athey_100_learned/data_train_enc_0.1_5.csv
1e_athey_100_learned/data_train_enc_0.1_4.csv
1e_athey_100_learned/data_train_0.75_3.csv
1e_athey_100_learned/data_train_enc_0.5_4.csv
1e_athey_100_learned/data_train_0.9_2.csv
1e_athey_100_learned/data_train_enc_0.1_1.csv
1e_athey_100_learned/data_train_0.9_3.csv
1e_athey_100_learned/data_train_enc_0.5_5.csv
1e_athey_100_learned/data_train_0.75_4.csv
1e_athey_100_learned/data_train_0.9_1.csv
1e_athey_100_learned/data_train_enc_0.1_3.csv
1e_athey_100_learned/data_train_enc_0.1_2.csv
1e_athey_100_learned/data_train_0.75_5.csv
1e_athey_100_learned/data_train_enc_0.75_1.csv
1e_athey_100_learned/data_train_enc_0.75_2.csv
1e_athey_100_learned/data_train_enc_0.75_3.csv
1e_athey_100_learned/data_train_enc_0.75_4.csv
1e_athey_100_learned/data_train_enc_0.75_5.csv
1e_athey_500_learned/data_train_enc_0.25_4.csv
1e_athey_500_learned/data_train_enc_0.25_5.csv
1e_athey_500_learned/data_train_enc_0.25_2.csv
1e_athey_500_learned/._.DS_Store
1e_athey_500_learned/.DS_Store
1e_athey_500_learned/data_train_enc_0.25_3.csv
1e_athey_500_learned/data_train_enc_0.25_1.csv
1e_athey_500_learned/data_train_0.1_4.csv
1e_athey_500_learned/data_train_0.25_4.csv
1e_athey_500_learned/data_train_0.25_5.csv
1e_athey_500_learned/data_train_0.1_5.csv
1e_athey_500_learned/data_train_0.5_1.csv
1e_athey_500_learned/data_train_0.5_3.csv
1e_athey_500_learned/data_train_enc_0.9_5.csv
1e_athey_500_learned/data_train_enc_0.9_4.csv
1e_athey_500_learned/data_train_0.5_2.csv
1e_athey_500_learned/data_train_0.1_2.csv
1e_athey_500_learned/data_train_0.25_2.csv
1e_athey_500_learned/data_train_0.25_3.csv
1e_athey_500_learned/data_train_0.1_3.csv
1e_athey_500_learned/data_train_enc_0.9_1.csv
1e_athey_500_learned/data_train_0.5_5.csv
1e_athey_500_learned/data_train_enc_0.9_3.csv
1e_athey_500_learned/data_train_0.1_1.csv
1e_athey_500_learned/data_train_0.25_1.csv
1e_athey_500_learned/data_train_enc_0.9_2.csv
1e_athey_500_learned/data_train_0.5_4.csv
1e_athey_500_learned/data_train_0.75_1.csv
1e_athey_500_learned/data_train_enc_0.5_2.csv
1e_athey_500_learned/data_train_0.9_4.csv
1e_athey_500_learned/data_train_0.9_5.csv
1e_athey_500_learned/data_train_enc_0.5_3.csv
1e_athey_500_learned/data_train_0.75_2.csv
1e_athey_500_learned/data_train_enc_0.5_1.csv
1e_athey_500_learned/data_train_enc_0.1_5.csv
1e_athey_500_learned/data_train_enc_0.1_4.csv
1e_athey_500_learned/data_train_0.75_3.csv
1e_athey_500_learned/data_train_enc_0.5_4.csv
1e_athey_500_learned/data_train_0.9_2.csv
1e_athey_500_learned/data_train_enc_0.1_1.csv
1e_athey_500_learned/data_train_0.9_3.csv
1e_athey_500_learned/data_train_enc_0.5_5.csv
1e_athey_500_learned/data_train_0.75_4.csv
1e_athey_500_learned/data_train_0.9_1.csv
1e_athey_500_learned/data_train_enc_0.1_3.csv
1e_athey_500_learned/data_train_enc_0.1_2.csv
1e_athey_500_learned/data_train_0.75_5.csv
1e_athey_500_learned/data_train_enc_0.75_1.csv
1e_athey_500_learned/data_train_enc_0.75_2.csv
1e_athey_500_learned/data_train_enc_0.75_3.csv
1e_athey_500_learned/data_train_enc_0.75_4.csv
1e_athey_500_learned/data_train_enc_0.75_5.csv
1h_athey_100/data_train_enc_0.25_4.csv
1h_athey_100/data_test_0.1_2.csv
1h_athey_100/data_test_enc_0.25_2.csv
1h_athey_100/data_test_enc_0.25_3.csv
1h_athey_100/data_test_0.1_3.csv
1h_athey_100/data_train_enc_0.25_5.csv
1h_athey_100/data_test_0.1_1.csv
1h_athey_100/data_test_0.5_5.csv
1h_athey_100/data_test_enc_0.25_1.csv
1h_athey_100/data_test_0.5_4.csv
1h_athey_100/data_train_enc_0.25_2.csv
1h_athey_100/data_test_0.1_4.csv
1h_athey_100/._.DS_Store
1h_athey_100/.DS_Store
1h_athey_100/data_test_enc_0.25_4.csv
1h_athey_100/data_test_enc_0.25_5.csv
1h_athey_100/data_test_0.5_1.csv
1h_athey_100/data_test_0.1_5.csv
1h_athey_100/data_train_enc_0.25_3.csv
1h_athey_100/data_train_enc_0.25_1.csv
1h_athey_100/data_test_0.5_3.csv
1h_athey_100/data_test_0.5_2.csv
1h_athey_100/data_test_0.25_5.csv
1h_athey_100/data_test_enc_0.9_3.csv
1h_athey_100/data_train_0.1_4.csv
1h_athey_100/data_train_0.25_4.csv
1h_athey_100/data_train_0.25_5.csv
1h_athey_100/data_train_0.1_5.csv
1h_athey_100/data_test_enc_0.9_2.csv
1h_athey_100/data_test_0.25_4.csv
1h_athey_100/data_train_0.5_1.csv
1h_athey_100/data_train_0.5_3.csv
1h_athey_100/data_train_enc_0.9_5.csv
1h_athey_100/data_test_enc_0.9_1.csv
1h_athey_100/data_train_enc_0.9_4.csv
1h_athey_100/data_train_0.5_2.csv
1h_athey_100/data_test_0.25_3.csv
1h_athey_100/data_test_enc_0.9_5.csv
1h_athey_100/data_train_0.1_2.csv
1h_athey_100/data_train_0.25_2.csv
1h_athey_100/data_train_0.25_3.csv
1h_athey_100/data_train_0.1_3.csv
1h_athey_100/data_test_enc_0.9_4.csv
1h_athey_100/data_train_enc_0.9_1.csv
1h_athey_100/data_test_0.25_2.csv
1h_athey_100/data_train_0.5_5.csv
1h_athey_100/data_train_enc_0.9_3.csv
1h_athey_100/data_train_0.1_1.csv
1h_athey_100/data_train_0.25_1.csv
1h_athey_100/data_train_enc_0.9_2.csv
1h_athey_100/data_test_0.25_1.csv
1h_athey_100/data_train_0.5_4.csv
1h_athey_100/data_train_0.75_1.csv
1h_athey_100/data_train_enc_0.5_2.csv
1h_athey_100/data_train_0.9_4.csv
1h_athey_100/data_test_enc_0.1_3.csv
1h_athey_100/data_test_0.75_1.csv
1h_athey_100/data_test_enc_0.1_2.csv
1h_athey_100/data_train_0.9_5.csv
1h_athey_100/data_train_enc_0.5_3.csv
1h_athey_100/data_test_enc_0.5_4.csv
1h_athey_100/data_train_0.75_2.csv
1h_athey_100/data_train_enc_0.5_1.csv
1h_athey_100/data_test_0.75_3.csv
1h_athey_100/data_train_enc_0.1_5.csv
1h_athey_100/data_train_enc_0.1_4.csv
1h_athey_100/data_test_0.75_2.csv
1h_athey_100/data_test_enc_0.1_1.csv
1h_athey_100/data_train_0.75_3.csv
1h_athey_100/data_test_enc_0.5_5.csv
1h_athey_100/data_test_enc_0.5_1.csv
1h_athey_100/data_train_enc_0.5_4.csv
1h_athey_100/data_train_0.9_2.csv
1h_athey_100/data_test_enc_0.1_5.csv
1h_athey_100/data_train_enc_0.1_1.csv
1h_athey_100/data_test_enc_0.1_4.csv
1h_athey_100/data_train_0.9_3.csv
1h_athey_100/data_train_enc_0.5_5.csv
1h_athey_100/data_train_0.75_4.csv
1h_athey_100/data_test_enc_0.5_2.csv
1h_athey_100/data_train_0.9_1.csv
1h_athey_100/data_test_0.75_5.csv
1h_athey_100/data_train_enc_0.1_3.csv
1h_athey_100/data_train_enc_0.1_2.csv
1h_athey_100/data_test_0.75_4.csv
1h_athey_100/data_test_enc_0.5_3.csv
1h_athey_100/data_train_0.75_5.csv
1h_athey_100/data_train_enc_0.75_1.csv
1h_athey_100/data_test_0.9_2.csv
1h_athey_100/data_test_0.9_3.csv
1h_athey_100/data_test_enc_0.75_4.csv
1h_athey_100/data_test_0.9_1.csv
1h_athey_100/data_train_enc_0.75_2.csv
1h_athey_100/data_train_enc_0.75_3.csv
1h_athey_100/data_test_enc_0.75_5.csv
1h_athey_100/data_test_enc_0.75_1.csv
1h_athey_100/data_test_0.9_4.csv
1h_athey_100/data_test_0.9_5.csv
1h_athey_100/data_test_enc_0.75_2.csv
1h_athey_100/data_train_enc_0.75_4.csv
1h_athey_100/data_train_enc_0.75_5.csv
1h_athey_100/data_test_enc_0.75_3.csv
1h_athey_500/data_train_enc_0.25_4.csv
1h_athey_500/data_test_0.1_2.csv
1h_athey_500/data_test_enc_0.25_2.csv
1h_athey_500/data_test_enc_0.25_3.csv
1h_athey_500/data_test_0.1_3.csv
1h_athey_500/data_train_enc_0.25_5.csv
1h_athey_500/data_test_0.1_1.csv
1h_athey_500/data_test_0.5_5.csv
1h_athey_500/data_test_enc_0.25_1.csv
1h_athey_500/data_test_0.5_4.csv
1h_athey_500/data_train_enc_0.25_2.csv
1h_athey_500/data_test_0.1_4.csv
1h_athey_500/._.DS_Store
1h_athey_500/.DS_Store
1h_athey_500/data_test_enc_0.25_4.csv
1h_athey_500/data_test_enc_0.25_5.csv
1h_athey_500/data_test_0.5_1.csv
1h_athey_500/data_test_0.1_5.csv
1h_athey_500/data_train_enc_0.25_3.csv
1h_athey_500/data_train_enc_0.25_1.csv
1h_athey_500/data_test_0.5_3.csv
1h_athey_500/data_test_0.5_2.csv
1h_athey_500/data_test_0.25_5.csv
1h_athey_500/data_test_enc_0.9_3.csv
1h_athey_500/data_train_0.1_4.csv
1h_athey_500/data_train_0.25_4.csv
1h_athey_500/data_train_0.25_5.csv
1h_athey_500/data_train_0.1_5.csv
1h_athey_500/data_test_enc_0.9_2.csv
1h_athey_500/data_test_0.25_4.csv
1h_athey_500/data_train_0.5_1.csv
1h_athey_500/data_train_0.5_3.csv
1h_athey_500/data_train_enc_0.9_5.csv
1h_athey_500/data_test_enc_0.9_1.csv
1h_athey_500/data_train_enc_0.9_4.csv
1h_athey_500/data_train_0.5_2.csv
1h_athey_500/data_test_0.25_3.csv
1h_athey_500/data_test_enc_0.9_5.csv
1h_athey_500/data_train_0.1_2.csv
1h_athey_500/data_train_0.25_2.csv
1h_athey_500/data_train_0.25_3.csv
1h_athey_500/data_train_0.1_3.csv
1h_athey_500/data_test_enc_0.9_4.csv
1h_athey_500/data_train_enc_0.9_1.csv
1h_athey_500/data_test_0.25_2.csv
1h_athey_500/data_train_0.5_5.csv
1h_athey_500/data_train_enc_0.9_3.csv
1h_athey_500/data_train_0.1_1.csv
1h_athey_500/data_train_0.25_1.csv
1h_athey_500/data_train_enc_0.9_2.csv
1h_athey_500/data_test_0.25_1.csv
1h_athey_500/data_train_0.5_4.csv
1h_athey_500/data_train_0.75_1.csv
1h_athey_500/data_train_enc_0.5_2.csv
1h_athey_500/data_train_0.9_4.csv
1h_athey_500/data_test_enc_0.1_3.csv
1h_athey_500/data_test_0.75_1.csv
1h_athey_500/data_test_enc_0.1_2.csv
1h_athey_500/data_train_0.9_5.csv
1h_athey_500/data_train_enc_0.5_3.csv
1h_athey_500/data_test_enc_0.5_4.csv
1h_athey_500/data_train_0.75_2.csv
1h_athey_500/data_train_enc_0.5_1.csv
1h_athey_500/data_test_0.75_3.csv
1h_athey_500/data_train_enc_0.1_5.csv
1h_athey_500/data_train_enc_0.1_4.csv
1h_athey_500/data_test_0.75_2.csv
1h_athey_500/data_test_enc_0.1_1.csv
1h_athey_500/data_train_0.75_3.csv
1h_athey_500/data_test_enc_0.5_5.csv
1h_athey_500/data_test_enc_0.5_1.csv
1h_athey_500/data_train_enc_0.5_4.csv
1h_athey_500/data_train_0.9_2.csv
1h_athey_500/data_test_enc_0.1_5.csv
1h_athey_500/data_train_enc_0.1_1.csv
1h_athey_500/data_test_enc_0.1_4.csv
1h_athey_500/data_train_0.9_3.csv
1h_athey_500/data_train_enc_0.5_5.csv
1h_athey_500/data_train_0.75_4.csv
1h_athey_500/data_test_enc_0.5_2.csv
1h_athey_500/data_train_0.9_1.csv
1h_athey_500/data_test_0.75_5.csv
1h_athey_500/data_train_enc_0.1_3.csv
1h_athey_500/data_train_enc_0.1_2.csv
1h_athey_500/data_test_0.75_4.csv
1h_athey_500/data_test_enc_0.5_3.csv
1h_athey_500/data_train_0.75_5.csv
1h_athey_500/data_train_enc_0.75_1.csv
1h_athey_500/data_test_0.9_2.csv
1h_athey_500/data_test_0.9_3.csv
1h_athey_500/data_test_enc_0.75_4.csv
1h_athey_500/data_test_0.9_1.csv
1h_athey_500/data_train_enc_0.75_2.csv
1h_athey_500/data_train_enc_0.75_3.csv
1h_athey_500/data_test_enc_0.75_5.csv
1h_athey_500/data_test_enc_0.75_1.csv
1h_athey_500/data_test_0.9_4.csv
1h_athey_500/data_test_0.9_5.csv
1h_athey_500/data_test_enc_0.75_2.csv
1h_athey_500/data_train_enc_0.75_4.csv
1h_athey_500/data_train_enc_0.75_5.csv
1h_athey_500/data_test_enc_0.75_3.csv
1h_athey_100_learned/data_train_enc_0.25_4.csv
1h_athey_100_learned/data_train_enc_0.25_5.csv
1h_athey_100_learned/data_train_enc_0.25_2.csv
1h_athey_100_learned/._.DS_Store
1h_athey_100_learned/.DS_Store
1h_athey_100_learned/data_train_enc_0.25_3.csv
1h_athey_100_learned/data_train_enc_0.25_1.csv
1h_athey_100_learned/data_train_0.1_4.csv
1h_athey_100_learned/data_train_0.25_4.csv
1h_athey_100_learned/data_train_0.25_5.csv
1h_athey_100_learned/data_train_0.1_5.csv
1h_athey_100_learned/data_train_0.5_1.csv
1h_athey_100_learned/data_train_0.5_3.csv
1h_athey_100_learned/data_train_enc_0.9_5.csv
1h_athey_100_learned/data_train_enc_0.9_4.csv
1h_athey_100_learned/data_train_0.5_2.csv
1h_athey_100_learned/data_train_0.1_2.csv
1h_athey_100_learned/data_train_0.25_2.csv
1h_athey_100_learned/data_train_0.25_3.csv
1h_athey_100_learned/data_train_0.1_3.csv
1h_athey_100_learned/data_train_enc_0.9_1.csv
1h_athey_100_learned/data_train_0.5_5.csv
1h_athey_100_learned/data_train_enc_0.9_3.csv
1h_athey_100_learned/data_train_0.1_1.csv
1h_athey_100_learned/data_train_0.25_1.csv
1h_athey_100_learned/data_train_enc_0.9_2.csv
1h_athey_100_learned/data_train_0.5_4.csv
1h_athey_100_learned/data_train_0.75_1.csv
1h_athey_100_learned/data_train_enc_0.5_2.csv
1h_athey_100_learned/data_train_0.9_4.csv
1h_athey_100_learned/data_train_0.9_5.csv
1h_athey_100_learned/data_train_enc_0.5_3.csv
1h_athey_100_learned/data_train_0.75_2.csv
1h_athey_100_learned/data_train_enc_0.5_1.csv
1h_athey_100_learned/data_train_enc_0.1_5.csv
1h_athey_100_learned/data_train_enc_0.1_4.csv
1h_athey_100_learned/data_train_0.75_3.csv
1h_athey_100_learned/data_train_enc_0.5_4.csv
1h_athey_100_learned/data_train_0.9_2.csv
1h_athey_100_learned/data_train_enc_0.1_1.csv
1h_athey_100_learned/data_train_0.9_3.csv
1h_athey_100_learned/data_train_enc_0.5_5.csv
1h_athey_100_learned/data_train_0.75_4.csv
1h_athey_100_learned/data_train_0.9_1.csv
1h_athey_100_learned/data_train_enc_0.1_3.csv
1h_athey_100_learned/data_train_enc_0.1_2.csv
1h_athey_100_learned/data_train_0.75_5.csv
1h_athey_100_learned/data_train_enc_0.75_1.csv
1h_athey_100_learned/data_train_enc_0.75_2.csv
1h_athey_100_learned/data_train_enc_0.75_3.csv
1h_athey_100_learned/data_train_enc_0.75_4.csv
1h_athey_100_learned/data_train_enc_0.75_5.csv
1h_athey_500_learned/data_train_enc_0.25_4.csv
1h_athey_500_learned/data_train_enc_0.25_5.csv
1h_athey_500_learned/data_train_enc_0.25_2.csv
1h_athey_500_learned/._.DS_Store
1h_athey_500_learned/.DS_Store
1h_athey_500_learned/data_train_enc_0.25_3.csv
1h_athey_500_learned/data_train_enc_0.25_1.csv
1h_athey_500_learned/data_train_0.1_4.csv
1h_athey_500_learned/data_train_0.25_4.csv
1h_athey_500_learned/data_train_0.25_5.csv
1h_athey_500_learned/data_train_0.1_5.csv
1h_athey_500_learned/data_train_0.5_1.csv
1h_athey_500_learned/data_train_0.5_3.csv
1h_athey_500_learned/data_train_enc_0.9_5.csv
1h_athey_500_learned/data_train_enc_0.9_4.csv
1h_athey_500_learned/data_train_0.5_2.csv
1h_athey_500_learned/data_train_0.1_2.csv
1h_athey_500_learned/data_train_0.25_2.csv
1h_athey_500_learned/data_train_0.25_3.csv
1h_athey_500_learned/data_train_0.1_3.csv
1h_athey_500_learned/data_train_enc_0.9_1.csv
1h_athey_500_learned/data_train_0.5_5.csv
1h_athey_500_learned/data_train_enc_0.9_3.csv
1h_athey_500_learned/data_train_0.1_1.csv
1h_athey_500_learned/data_train_0.25_1.csv
1h_athey_500_learned/data_train_enc_0.9_2.csv
1h_athey_500_learned/data_train_0.5_4.csv
1h_athey_500_learned/data_train_0.75_1.csv
1h_athey_500_learned/data_train_enc_0.5_2.csv
1h_athey_500_learned/data_train_0.9_4.csv
1h_athey_500_learned/data_train_0.9_5.csv
1h_athey_500_learned/data_train_enc_0.5_3.csv
1h_athey_500_learned/data_train_0.75_2.csv
1h_athey_500_learned/data_train_enc_0.5_1.csv
1h_athey_500_learned/data_train_enc_0.1_5.csv
1h_athey_500_learned/data_train_enc_0.1_4.csv
1h_athey_500_learned/data_train_0.75_3.csv
1h_athey_500_learned/data_train_enc_0.5_4.csv
1h_athey_500_learned/data_train_0.9_2.csv
1h_athey_500_learned/data_train_enc_0.1_1.csv
1h_athey_500_learned/data_train_0.9_3.csv
1h_athey_500_learned/data_train_enc_0.5_5.csv
1h_athey_500_learned/data_train_0.75_4.csv
1h_athey_500_learned/data_train_0.9_1.csv
1h_athey_500_learned/data_train_enc_0.1_3.csv
1h_athey_500_learned/data_train_enc_0.1_2.csv
1h_athey_500_learned/data_train_0.75_5.csv
1h_athey_500_learned/data_train_enc_0.75_1.csv
1h_athey_500_learned/data_train_enc_0.75_2.csv
1h_athey_500_learned/data_train_enc_0.75_3.csv
1h_athey_500_learned/data_train_enc_0.75_4.csv
1h_athey_500_learned/data_train_enc_0.75_5.csv
2e_athey_100/data_train_enc_0.25_4.csv
2e_athey_100/data_test_0.1_2.csv
2e_athey_100/data_test_enc_0.25_2.csv
2e_athey_100/data_test_enc_0.25_3.csv
2e_athey_100/data_test_0.1_3.csv
2e_athey_100/data_train_enc_0.25_5.csv
2e_athey_100/data_test_0.1_1.csv
2e_athey_100/data_test_0.5_5.csv
2e_athey_100/data_test_enc_0.25_1.csv
2e_athey_100/data_test_0.5_4.csv
2e_athey_100/data_train_enc_0.25_2.csv
2e_athey_100/data_test_0.1_4.csv
2e_athey_100/._.DS_Store
2e_athey_100/.DS_Store
2e_athey_100/data_test_enc_0.25_4.csv
2e_athey_100/data_test_enc_0.25_5.csv
2e_athey_100/data_test_0.5_1.csv
2e_athey_100/data_test_0.1_5.csv
2e_athey_100/data_train_enc_0.25_3.csv
2e_athey_100/data_train_enc_0.25_1.csv
2e_athey_100/data_test_0.5_3.csv
2e_athey_100/data_test_0.5_2.csv
2e_athey_100/data_test_0.25_5.csv
2e_athey_100/data_test_enc_0.9_3.csv
2e_athey_100/data_train_0.1_4.csv
2e_athey_100/data_train_0.25_4.csv
2e_athey_100/data_train_0.25_5.csv
2e_athey_100/data_train_0.1_5.csv
2e_athey_100/data_test_enc_0.9_2.csv
2e_athey_100/data_test_0.25_4.csv
2e_athey_100/data_train_0.5_1.csv
2e_athey_100/data_train_0.5_3.csv
2e_athey_100/data_train_enc_0.9_5.csv
2e_athey_100/data_test_enc_0.9_1.csv
2e_athey_100/data_train_enc_0.9_4.csv
2e_athey_100/data_train_0.5_2.csv
2e_athey_100/data_test_0.25_3.csv
2e_athey_100/data_test_enc_0.9_5.csv
2e_athey_100/data_train_0.1_2.csv
2e_athey_100/data_train_0.25_2.csv
2e_athey_100/data_train_0.25_3.csv
2e_athey_100/data_train_0.1_3.csv
2e_athey_100/data_test_enc_0.9_4.csv
2e_athey_100/data_train_enc_0.9_1.csv
2e_athey_100/data_test_0.25_2.csv
2e_athey_100/data_train_0.5_5.csv
2e_athey_100/data_train_enc_0.9_3.csv
2e_athey_100/data_train_0.1_1.csv
2e_athey_100/data_train_0.25_1.csv
2e_athey_100/data_train_enc_0.9_2.csv
2e_athey_100/data_test_0.25_1.csv
2e_athey_100/data_train_0.5_4.csv
2e_athey_100/data_train_0.75_1.csv
2e_athey_100/data_train_enc_0.5_2.csv
2e_athey_100/data_train_0.9_4.csv
2e_athey_100/data_test_enc_0.1_3.csv
2e_athey_100/data_test_0.75_1.csv
2e_athey_100/data_test_enc_0.1_2.csv
2e_athey_100/data_train_0.9_5.csv
2e_athey_100/data_train_enc_0.5_3.csv
2e_athey_100/data_test_enc_0.5_4.csv
2e_athey_100/data_train_0.75_2.csv
2e_athey_100/data_train_enc_0.5_1.csv
2e_athey_100/data_test_0.75_3.csv
2e_athey_100/data_train_enc_0.1_5.csv
2e_athey_100/data_train_enc_0.1_4.csv
2e_athey_100/data_test_0.75_2.csv
2e_athey_100/data_test_enc_0.1_1.csv
2e_athey_100/data_train_0.75_3.csv
2e_athey_100/data_test_enc_0.5_5.csv
2e_athey_100/data_test_enc_0.5_1.csv
2e_athey_100/data_train_enc_0.5_4.csv
2e_athey_100/data_train_0.9_2.csv
2e_athey_100/data_test_enc_0.1_5.csv
2e_athey_100/data_train_enc_0.1_1.csv
2e_athey_100/data_test_enc_0.1_4.csv
2e_athey_100/data_train_0.9_3.csv
2e_athey_100/data_train_enc_0.5_5.csv
2e_athey_100/data_train_0.75_4.csv
2e_athey_100/data_test_enc_0.5_2.csv
2e_athey_100/data_train_0.9_1.csv
2e_athey_100/data_test_0.75_5.csv
2e_athey_100/data_train_enc_0.1_3.csv
2e_athey_100/data_train_enc_0.1_2.csv
2e_athey_100/data_test_0.75_4.csv
2e_athey_100/data_test_enc_0.5_3.csv
2e_athey_100/data_train_0.75_5.csv
2e_athey_100/data_train_enc_0.75_1.csv
2e_athey_100/data_test_0.9_2.csv
2e_athey_100/data_test_0.9_3.csv
2e_athey_100/data_test_enc_0.75_4.csv
2e_athey_100/data_test_0.9_1.csv
2e_athey_100/data_train_enc_0.75_2.csv
2e_athey_100/data_train_enc_0.75_3.csv
2e_athey_100/data_test_enc_0.75_5.csv
2e_athey_100/data_test_enc_0.75_1.csv
2e_athey_100/data_test_0.9_4.csv
2e_athey_100/data_test_0.9_5.csv
2e_athey_100/data_test_enc_0.75_2.csv
2e_athey_100/data_train_enc_0.75_4.csv
2e_athey_100/data_train_enc_0.75_5.csv
2e_athey_100/data_test_enc_0.75_3.csv
2e_athey_500/data_train_enc_0.25_4.csv
2e_athey_500/data_test_0.1_2.csv
2e_athey_500/data_test_enc_0.25_2.csv
2e_athey_500/data_test_enc_0.25_3.csv
2e_athey_500/data_test_0.1_3.csv
2e_athey_500/data_train_enc_0.25_5.csv
2e_athey_500/data_test_0.1_1.csv
2e_athey_500/data_test_0.5_5.csv
2e_athey_500/data_test_enc_0.25_1.csv
2e_athey_500/data_test_0.5_4.csv
2e_athey_500/data_train_enc_0.25_2.csv
2e_athey_500/data_test_0.1_4.csv
2e_athey_500/._.DS_Store
2e_athey_500/.DS_Store
2e_athey_500/data_test_enc_0.25_4.csv
2e_athey_500/data_test_enc_0.25_5.csv
2e_athey_500/data_test_0.5_1.csv
2e_athey_500/data_test_0.1_5.csv
2e_athey_500/data_train_enc_0.25_3.csv
2e_athey_500/data_train_enc_0.25_1.csv
2e_athey_500/data_test_0.5_3.csv
2e_athey_500/data_test_0.5_2.csv
2e_athey_500/data_test_0.25_5.csv
2e_athey_500/data_test_enc_0.9_3.csv
2e_athey_500/data_train_0.1_4.csv
2e_athey_500/data_train_0.25_4.csv
2e_athey_500/data_train_0.25_5.csv
2e_athey_500/data_train_0.1_5.csv
2e_athey_500/data_test_enc_0.9_2.csv
2e_athey_500/data_test_0.25_4.csv
2e_athey_500/data_train_0.5_1.csv
2e_athey_500/data_train_0.5_3.csv
2e_athey_500/data_train_enc_0.9_5.csv
2e_athey_500/data_test_enc_0.9_1.csv
2e_athey_500/data_train_enc_0.9_4.csv
2e_athey_500/data_train_0.5_2.csv
2e_athey_500/data_test_0.25_3.csv
2e_athey_500/data_test_enc_0.9_5.csv
2e_athey_500/data_train_0.1_2.csv
2e_athey_500/data_train_0.25_2.csv
2e_athey_500/data_train_0.25_3.csv
2e_athey_500/data_train_0.1_3.csv
2e_athey_500/data_test_enc_0.9_4.csv
2e_athey_500/data_train_enc_0.9_1.csv
2e_athey_500/data_test_0.25_2.csv
2e_athey_500/data_train_0.5_5.csv
2e_athey_500/data_train_enc_0.9_3.csv
2e_athey_500/data_train_0.1_1.csv
2e_athey_500/data_train_0.25_1.csv
2e_athey_500/data_train_enc_0.9_2.csv
2e_athey_500/data_test_0.25_1.csv
2e_athey_500/data_train_0.5_4.csv
2e_athey_500/data_train_0.75_1.csv
2e_athey_500/data_train_enc_0.5_2.csv
2e_athey_500/data_train_0.9_4.csv
2e_athey_500/data_test_enc_0.1_3.csv
2e_athey_500/data_test_0.75_1.csv
2e_athey_500/data_test_enc_0.1_2.csv
2e_athey_500/data_train_0.9_5.csv
2e_athey_500/data_train_enc_0.5_3.csv
2e_athey_500/data_test_enc_0.5_4.csv
2e_athey_500/data_train_0.75_2.csv
2e_athey_500/data_train_enc_0.5_1.csv
2e_athey_500/data_test_0.75_3.csv
2e_athey_500/data_train_enc_0.1_5.csv
2e_athey_500/data_train_enc_0.1_4.csv
2e_athey_500/data_test_0.75_2.csv
2e_athey_500/data_test_enc_0.1_1.csv
2e_athey_500/data_train_0.75_3.csv
2e_athey_500/data_test_enc_0.5_5.csv
2e_athey_500/data_test_enc_0.5_1.csv
2e_athey_500/data_train_enc_0.5_4.csv
2e_athey_500/data_train_0.9_2.csv
2e_athey_500/data_test_enc_0.1_5.csv
2e_athey_500/data_train_enc_0.1_1.csv
2e_athey_500/data_test_enc_0.1_4.csv
2e_athey_500/data_train_0.9_3.csv
2e_athey_500/data_train_enc_0.5_5.csv
2e_athey_500/data_train_0.75_4.csv
2e_athey_500/data_test_enc_0.5_2.csv
2e_athey_500/data_train_0.9_1.csv
2e_athey_500/data_test_0.75_5.csv
2e_athey_500/data_train_enc_0.1_3.csv
2e_athey_500/data_train_enc_0.1_2.csv
2e_athey_500/data_test_0.75_4.csv
2e_athey_500/data_test_enc_0.5_3.csv
2e_athey_500/data_train_0.75_5.csv
2e_athey_500/data_train_enc_0.75_1.csv
2e_athey_500/data_test_0.9_2.csv
2e_athey_500/data_test_0.9_3.csv
2e_athey_500/data_test_enc_0.75_4.csv
2e_athey_500/data_test_0.9_1.csv
2e_athey_500/data_train_enc_0.75_2.csv
2e_athey_500/data_train_enc_0.75_3.csv
2e_athey_500/data_test_enc_0.75_5.csv
2e_athey_500/data_test_enc_0.75_1.csv
2e_athey_500/data_test_0.9_4.csv
2e_athey_500/data_test_0.9_5.csv
2e_athey_500/data_test_enc_0.75_2.csv
2e_athey_500/data_train_enc_0.75_4.csv
2e_athey_500/data_train_enc_0.75_5.csv
2e_athey_500/data_test_enc_0.75_3.csv
2e_athey_100_learned/data_train_enc_0.25_4.csv
2e_athey_100_learned/data_train_enc_0.25_5.csv
2e_athey_100_learned/data_train_enc_0.25_2.csv
2e_athey_100_learned/._.DS_Store
2e_athey_100_learned/.DS_Store
2e_athey_100_learned/data_train_enc_0.25_3.csv
2e_athey_100_learned/data_train_enc_0.25_1.csv
2e_athey_100_learned/data_train_0.1_4.csv
2e_athey_100_learned/data_train_0.25_4.csv
2e_athey_100_learned/data_train_0.25_5.csv
2e_athey_100_learned/data_train_0.1_5.csv
2e_athey_100_learned/data_train_0.5_1.csv
2e_athey_100_learned/data_train_0.5_3.csv
2e_athey_100_learned/data_train_enc_0.9_5.csv
2e_athey_100_learned/data_train_enc_0.9_4.csv
2e_athey_100_learned/data_train_0.5_2.csv
2e_athey_100_learned/data_train_0.1_2.csv
2e_athey_100_learned/data_train_0.25_2.csv
2e_athey_100_learned/data_train_0.25_3.csv
2e_athey_100_learned/data_train_0.1_3.csv
2e_athey_100_learned/data_train_enc_0.9_1.csv
2e_athey_100_learned/data_train_0.5_5.csv
2e_athey_100_learned/data_train_enc_0.9_3.csv
2e_athey_100_learned/data_train_0.1_1.csv
2e_athey_100_learned/data_train_0.25_1.csv
2e_athey_100_learned/data_train_enc_0.9_2.csv
2e_athey_100_learned/data_train_0.5_4.csv
2e_athey_100_learned/data_train_0.75_1.csv
2e_athey_100_learned/data_train_enc_0.5_2.csv
2e_athey_100_learned/data_train_0.9_4.csv
2e_athey_100_learned/data_train_0.9_5.csv
2e_athey_100_learned/data_train_enc_0.5_3.csv
2e_athey_100_learned/data_train_0.75_2.csv
2e_athey_100_learned/data_train_enc_0.5_1.csv
2e_athey_100_learned/data_train_enc_0.1_5.csv
2e_athey_100_learned/data_train_enc_0.1_4.csv
2e_athey_100_learned/data_train_0.75_3.csv
2e_athey_100_learned/data_train_enc_0.5_4.csv
2e_athey_100_learned/data_train_0.9_2.csv
2e_athey_100_learned/data_train_enc_0.1_1.csv
2e_athey_100_learned/data_train_0.9_3.csv
2e_athey_100_learned/data_train_enc_0.5_5.csv
2e_athey_100_learned/data_train_0.75_4.csv
2e_athey_100_learned/data_train_0.9_1.csv
2e_athey_100_learned/data_train_enc_0.1_3.csv
2e_athey_100_learned/data_train_enc_0.1_2.csv
2e_athey_100_learned/data_train_0.75_5.csv
2e_athey_100_learned/data_train_enc_0.75_1.csv
2e_athey_100_learned/data_train_enc_0.75_2.csv
2e_athey_100_learned/data_train_enc_0.75_3.csv
2e_athey_100_learned/data_train_enc_0.75_4.csv
2e_athey_100_learned/data_train_enc_0.75_5.csv
2e_athey_500_learned/data_train_enc_0.25_4.csv
2e_athey_500_learned/data_train_enc_0.25_5.csv
2e_athey_500_learned/data_train_enc_0.25_2.csv
2e_athey_500_learned/._.DS_Store
2e_athey_500_learned/.DS_Store
2e_athey_500_learned/data_train_enc_0.25_3.csv
2e_athey_500_learned/data_train_enc_0.25_1.csv
2e_athey_500_learned/data_train_0.1_4.csv
2e_athey_500_learned/data_train_0.25_4.csv
2e_athey_500_learned/data_train_0.25_5.csv
2e_athey_500_learned/data_train_0.1_5.csv
2e_athey_500_learned/data_train_0.5_1.csv
2e_athey_500_learned/data_train_0.5_3.csv
2e_athey_500_learned/data_train_enc_0.9_5.csv
2e_athey_500_learned/data_train_enc_0.9_4.csv
2e_athey_500_learned/data_train_0.5_2.csv
2e_athey_500_learned/data_train_0.1_2.csv
2e_athey_500_learned/data_train_0.25_2.csv
2e_athey_500_learned/data_train_0.25_3.csv
2e_athey_500_learned/data_train_0.1_3.csv
2e_athey_500_learned/data_train_enc_0.9_1.csv
2e_athey_500_learned/data_train_0.5_5.csv
2e_athey_500_learned/data_train_enc_0.9_3.csv
2e_athey_500_learned/data_train_0.1_1.csv
2e_athey_500_learned/data_train_0.25_1.csv
2e_athey_500_learned/data_train_enc_0.9_2.csv
2e_athey_500_learned/data_train_0.5_4.csv
2e_athey_500_learned/data_train_0.75_1.csv
2e_athey_500_learned/data_train_enc_0.5_2.csv
2e_athey_500_learned/data_train_0.9_4.csv
2e_athey_500_learned/data_train_0.9_5.csv
2e_athey_500_learned/data_train_enc_0.5_3.csv
2e_athey_500_learned/data_train_0.75_2.csv
2e_athey_500_learned/data_train_enc_0.5_1.csv
2e_athey_500_learned/data_train_enc_0.1_5.csv
2e_athey_500_learned/data_train_enc_0.1_4.csv
2e_athey_500_learned/data_train_0.75_3.csv
2e_athey_500_learned/data_train_enc_0.5_4.csv
2e_athey_500_learned/data_train_0.9_2.csv
2e_athey_500_learned/data_train_enc_0.1_1.csv
2e_athey_500_learned/data_train_0.9_3.csv
2e_athey_500_learned/data_train_enc_0.5_5.csv
2e_athey_500_learned/data_train_0.75_4.csv
2e_athey_500_learned/data_train_0.9_1.csv
2e_athey_500_learned/data_train_enc_0.1_3.csv
2e_athey_500_learned/data_train_enc_0.1_2.csv
2e_athey_500_learned/data_train_0.75_5.csv
2e_athey_500_learned/data_train_enc_0.75_1.csv
2e_athey_500_learned/data_train_enc_0.75_2.csv
2e_athey_500_learned/data_train_enc_0.75_3.csv
2e_athey_500_learned/data_train_enc_0.75_4.csv
2e_athey_500_learned/data_train_enc_0.75_5.csv
3e_athey_100/data_train_enc_0.25_4.csv
3e_athey_100/data_test_0.1_2.csv
3e_athey_100/data_test_enc_0.25_2.csv
3e_athey_100/data_test_enc_0.25_3.csv
3e_athey_100/data_test_0.1_3.csv
3e_athey_100/data_train_enc_0.25_5.csv
3e_athey_100/data_test_0.1_1.csv
3e_athey_100/data_test_0.5_5.csv
3e_athey_100/data_test_enc_0.25_1.csv
3e_athey_100/data_test_0.5_4.csv
3e_athey_100/data_train_enc_0.25_2.csv
3e_athey_100/data_test_0.1_4.csv
3e_athey_100/._.DS_Store
3e_athey_100/.DS_Store
3e_athey_100/data_test_enc_0.25_4.csv
3e_athey_100/data_test_enc_0.25_5.csv
3e_athey_100/data_test_0.5_1.csv
3e_athey_100/data_test_0.1_5.csv
3e_athey_100/data_train_enc_0.25_3.csv
3e_athey_100/data_train_enc_0.25_1.csv
3e_athey_100/data_test_0.5_3.csv
3e_athey_100/data_test_0.5_2.csv
3e_athey_100/data_test_0.25_5.csv
3e_athey_100/data_test_enc_0.9_3.csv
3e_athey_100/data_train_0.1_4.csv
3e_athey_100/data_train_0.25_4.csv
3e_athey_100/data_train_0.25_5.csv
3e_athey_100/data_train_0.1_5.csv
3e_athey_100/data_test_enc_0.9_2.csv
3e_athey_100/data_test_0.25_4.csv
3e_athey_100/data_train_0.5_1.csv
3e_athey_100/data_train_0.5_3.csv
3e_athey_100/data_train_enc_0.9_5.csv
3e_athey_100/data_test_enc_0.9_1.csv
3e_athey_100/data_train_enc_0.9_4.csv
3e_athey_100/data_train_0.5_2.csv
3e_athey_100/data_test_0.25_3.csv
3e_athey_100/data_test_enc_0.9_5.csv
3e_athey_100/data_train_0.1_2.csv
3e_athey_100/data_train_0.25_2.csv
3e_athey_100/data_train_0.25_3.csv
3e_athey_100/data_train_0.1_3.csv
3e_athey_100/data_test_enc_0.9_4.csv
3e_athey_100/data_train_enc_0.9_1.csv
3e_athey_100/data_test_0.25_2.csv
3e_athey_100/data_train_0.5_5.csv
3e_athey_100/data_train_enc_0.9_3.csv
3e_athey_100/data_train_0.1_1.csv
3e_athey_100/data_train_0.25_1.csv
3e_athey_100/data_train_enc_0.9_2.csv
3e_athey_100/data_test_0.25_1.csv
3e_athey_100/data_train_0.5_4.csv
3e_athey_100/data_train_0.75_1.csv
3e_athey_100/data_train_enc_0.5_2.csv
3e_athey_100/data_train_0.9_4.csv
3e_athey_100/data_test_enc_0.1_3.csv
3e_athey_100/data_test_0.75_1.csv
3e_athey_100/data_test_enc_0.1_2.csv
3e_athey_100/data_train_0.9_5.csv
3e_athey_100/data_train_enc_0.5_3.csv
3e_athey_100/data_test_enc_0.5_4.csv
3e_athey_100/data_train_0.75_2.csv
3e_athey_100/data_train_enc_0.5_1.csv
3e_athey_100/data_test_0.75_3.csv
3e_athey_100/data_train_enc_0.1_5.csv
3e_athey_100/data_train_enc_0.1_4.csv
3e_athey_100/data_test_0.75_2.csv
3e_athey_100/data_test_enc_0.1_1.csv
3e_athey_100/data_train_0.75_3.csv
3e_athey_100/data_test_enc_0.5_5.csv
3e_athey_100/data_test_enc_0.5_1.csv
3e_athey_100/data_train_enc_0.5_4.csv
3e_athey_100/data_train_0.9_2.csv
3e_athey_100/data_test_enc_0.1_5.csv
3e_athey_100/data_train_enc_0.1_1.csv
3e_athey_100/data_test_enc_0.1_4.csv
3e_athey_100/data_train_0.9_3.csv
3e_athey_100/data_train_enc_0.5_5.csv
3e_athey_100/data_train_0.75_4.csv
3e_athey_100/data_test_enc_0.5_2.csv
3e_athey_100/data_train_0.9_1.csv
3e_athey_100/data_test_0.75_5.csv
3e_athey_100/data_train_enc_0.1_3.csv
3e_athey_100/data_train_enc_0.1_2.csv
3e_athey_100/data_test_0.75_4.csv
3e_athey_100/data_test_enc_0.5_3.csv
3e_athey_100/data_train_0.75_5.csv
3e_athey_100/data_train_enc_0.75_1.csv
3e_athey_100/data_test_0.9_2.csv
3e_athey_100/data_test_0.9_3.csv
3e_athey_100/data_test_enc_0.75_4.csv
3e_athey_100/data_test_0.9_1.csv
3e_athey_100/data_train_enc_0.75_2.csv
3e_athey_100/data_train_enc_0.75_3.csv
3e_athey_100/data_test_enc_0.75_5.csv
3e_athey_100/data_test_enc_0.75_1.csv
3e_athey_100/data_test_0.9_4.csv
3e_athey_100/data_test_0.9_5.csv
3e_athey_100/data_test_enc_0.75_2.csv
3e_athey_100/data_train_enc_0.75_4.csv
3e_athey_100/data_train_enc_0.75_5.csv
3e_athey_100/data_test_enc_0.75_3.csv
3e_athey_500/data_train_enc_0.25_4.csv
3e_athey_500/data_test_0.1_2.csv
3e_athey_500/.Rhistory
3e_athey_500/data_test_enc_0.25_2.csv
3e_athey_500/data_test_enc_0.25_3.csv
3e_athey_500/data_test_0.1_3.csv
3e_athey_500/data_train_enc_0.25_5.csv
3e_athey_500/data_test_0.1_1.csv
3e_athey_500/data_test_0.5_5.csv
3e_athey_500/data_test_enc_0.25_1.csv
3e_athey_500/data_test_0.5_4.csv
3e_athey_500/data_train_enc_0.25_2.csv
3e_athey_500/data_test_0.1_4.csv
3e_athey_500/._.DS_Store
3e_athey_500/.DS_Store
3e_athey_500/data_test_enc_0.25_4.csv
3e_athey_500/data_test_enc_0.25_5.csv
3e_athey_500/data_test_0.5_1.csv
3e_athey_500/data_test_0.1_5.csv
3e_athey_500/data_train_enc_0.25_3.csv
3e_athey_500/data_train_enc_0.25_1.csv
3e_athey_500/data_test_0.5_3.csv
3e_athey_500/data_test_0.5_2.csv
3e_athey_500/data_test_0.25_5.csv
3e_athey_500/data_test_enc_0.9_3.csv
3e_athey_500/data_train_0.1_4.csv
3e_athey_500/data_train_0.25_4.csv
3e_athey_500/data_train_0.25_5.csv
3e_athey_500/data_train_0.1_5.csv
3e_athey_500/data_test_enc_0.9_2.csv
3e_athey_500/data_test_0.25_4.csv
3e_athey_500/data_train_0.5_1.csv
3e_athey_500/data_train_0.5_3.csv
3e_athey_500/data_train_enc_0.9_5.csv
3e_athey_500/data_test_enc_0.9_1.csv
3e_athey_500/data_train_enc_0.9_4.csv
3e_athey_500/data_train_0.5_2.csv
3e_athey_500/data_test_0.25_3.csv
3e_athey_500/data_test_enc_0.9_5.csv
3e_athey_500/data_train_0.1_2.csv
3e_athey_500/data_train_0.25_2.csv
3e_athey_500/data_train_0.25_3.csv
3e_athey_500/data_train_0.1_3.csv
3e_athey_500/data_test_enc_0.9_4.csv
3e_athey_500/data_train_enc_0.9_1.csv
3e_athey_500/data_test_0.25_2.csv
3e_athey_500/data_train_0.5_5.csv
3e_athey_500/data_train_enc_0.9_3.csv
3e_athey_500/data_train_0.1_1.csv
3e_athey_500/data_train_0.25_1.csv
3e_athey_500/data_train_enc_0.9_2.csv
3e_athey_500/data_test_0.25_1.csv
3e_athey_500/data_train_0.5_4.csv
3e_athey_500/data_train_0.75_1.csv
3e_athey_500/data_train_enc_0.5_2.csv
3e_athey_500/data_train_0.9_4.csv
3e_athey_500/data_test_enc_0.1_3.csv
3e_athey_500/data_test_0.75_1.csv
3e_athey_500/data_test_enc_0.1_2.csv
3e_athey_500/data_train_0.9_5.csv
3e_athey_500/data_train_enc_0.5_3.csv
3e_athey_500/data_test_enc_0.5_4.csv
3e_athey_500/data_train_0.75_2.csv
3e_athey_500/data_train_enc_0.5_1.csv
3e_athey_500/data_test_0.75_3.csv
3e_athey_500/data_train_enc_0.1_5.csv
3e_athey_500/data_train_enc_0.1_4.csv
3e_athey_500/data_test_0.75_2.csv
3e_athey_500/data_test_enc_0.1_1.csv
3e_athey_500/data_train_0.75_3.csv
3e_athey_500/data_test_enc_0.5_5.csv
3e_athey_500/data_test_enc_0.5_1.csv
3e_athey_500/data_train_enc_0.5_4.csv
3e_athey_500/data_train_0.9_2.csv
3e_athey_500/data_test_enc_0.1_5.csv
3e_athey_500/data_train_enc_0.1_1.csv
3e_athey_500/data_test_enc_0.1_4.csv
3e_athey_500/data_train_0.9_3.csv
3e_athey_500/data_train_enc_0.5_5.csv
3e_athey_500/data_train_0.75_4.csv
3e_athey_500/data_test_enc_0.5_2.csv
3e_athey_500/data_train_0.9_1.csv
3e_athey_500/data_test_0.75_5.csv
3e_athey_500/data_train_enc_0.1_3.csv
3e_athey_500/data_train_enc_0.1_2.csv
3e_athey_500/data_test_0.75_4.csv
3e_athey_500/data_test_enc_0.5_3.csv
3e_athey_500/data_train_0.75_5.csv
3e_athey_500/data_train_enc_0.75_1.csv
3e_athey_500/data_test_0.9_2.csv
3e_athey_500/data_test_0.9_3.csv
3e_athey_500/data_test_enc_0.75_4.csv
3e_athey_500/data_test_0.9_1.csv
3e_athey_500/data_train_enc_0.75_2.csv
3e_athey_500/data_train_enc_0.75_3.csv
3e_athey_500/data_test_enc_0.75_5.csv
3e_athey_500/data_test_enc_0.75_1.csv
3e_athey_500/data_test_0.9_4.csv
3e_athey_500/data_test_0.9_5.csv
3e_athey_500/data_test_enc_0.75_2.csv
3e_athey_500/data_train_enc_0.75_4.csv
3e_athey_500/data_train_enc_0.75_5.csv
3e_athey_500/data_test_enc_0.75_3.csv
3e_athey_100_learned/data_train_enc_0.25_4.csv
3e_athey_100_learned/data_train_enc_0.25_5.csv
3e_athey_100_learned/data_train_enc_0.25_2.csv
3e_athey_100_learned/._.DS_Store
3e_athey_100_learned/.DS_Store
3e_athey_100_learned/data_train_enc_0.25_3.csv
3e_athey_100_learned/data_train_enc_0.25_1.csv
3e_athey_100_learned/data_train_0.1_4.csv
3e_athey_100_learned/data_train_0.25_4.csv
3e_athey_100_learned/data_train_0.25_5.csv
3e_athey_100_learned/data_train_0.1_5.csv
3e_athey_100_learned/data_train_0.5_1.csv
3e_athey_100_learned/data_train_0.5_3.csv
3e_athey_100_learned/data_train_enc_0.9_5.csv
3e_athey_100_learned/data_train_enc_0.9_4.csv
3e_athey_100_learned/data_train_0.5_2.csv
3e_athey_100_learned/data_train_0.1_2.csv
3e_athey_100_learned/data_train_0.25_2.csv
3e_athey_100_learned/data_train_0.25_3.csv
3e_athey_100_learned/data_train_0.1_3.csv
3e_athey_100_learned/data_train_enc_0.9_1.csv
3e_athey_100_learned/data_train_0.5_5.csv
3e_athey_100_learned/data_train_enc_0.9_3.csv
3e_athey_100_learned/data_train_0.1_1.csv
3e_athey_100_learned/data_train_0.25_1.csv
3e_athey_100_learned/data_train_enc_0.9_2.csv
3e_athey_100_learned/data_train_0.5_4.csv
3e_athey_100_learned/data_train_0.75_1.csv
3e_athey_100_learned/data_train_enc_0.5_2.csv
3e_athey_100_learned/data_train_0.9_4.csv
3e_athey_100_learned/data_train_0.9_5.csv
3e_athey_100_learned/data_train_enc_0.5_3.csv
3e_athey_100_learned/data_train_0.75_2.csv
3e_athey_100_learned/data_train_enc_0.5_1.csv
3e_athey_100_learned/data_train_enc_0.1_5.csv
3e_athey_100_learned/data_train_enc_0.1_4.csv
3e_athey_100_learned/data_train_0.75_3.csv
3e_athey_100_learned/data_train_enc_0.5_4.csv
3e_athey_100_learned/data_train_0.9_2.csv
3e_athey_100_learned/data_train_enc_0.1_1.csv
3e_athey_100_learned/data_train_0.9_3.csv
3e_athey_100_learned/data_train_enc_0.5_5.csv
3e_athey_100_learned/data_train_0.75_4.csv
3e_athey_100_learned/data_train_0.9_1.csv
3e_athey_100_learned/data_train_enc_0.1_3.csv
3e_athey_100_learned/data_train_enc_0.1_2.csv
3e_athey_100_learned/data_train_0.75_5.csv
3e_athey_100_learned/data_train_enc_0.75_1.csv
3e_athey_100_learned/data_train_enc_0.75_2.csv
3e_athey_100_learned/data_train_enc_0.75_3.csv
3e_athey_100_learned/data_train_enc_0.75_4.csv
3e_athey_100_learned/data_train_enc_0.75_5.csv
3e_athey_500_learned/data_train_enc_0.25_4.csv
3e_athey_500_learned/data_train_enc_0.25_5.csv
3e_athey_500_learned/data_train_enc_0.25_2.csv
3e_athey_500_learned/._.DS_Store
3e_athey_500_learned/.DS_Store
3e_athey_500_learned/data_train_enc_0.25_3.csv
3e_athey_500_learned/data_train_enc_0.25_1.csv
3e_athey_500_learned/data_train_0.1_4.csv
3e_athey_500_learned/data_train_0.25_4.csv
3e_athey_500_learned/data_train_0.25_5.csv
3e_athey_500_learned/data_train_0.1_5.csv
3e_athey_500_learned/data_train_0.5_1.csv
3e_athey_500_learned/data_train_0.5_3.csv
3e_athey_500_learned/data_train_enc_0.9_5.csv
3e_athey_500_learned/data_train_enc_0.9_4.csv
3e_athey_500_learned/data_train_0.5_2.csv
3e_athey_500_learned/data_train_0.1_2.csv
3e_athey_500_learned/data_train_0.25_2.csv
3e_athey_500_learned/data_train_0.25_3.csv
3e_athey_500_learned/data_train_0.1_3.csv
3e_athey_500_learned/data_train_enc_0.9_1.csv
3e_athey_500_learned/data_train_0.5_5.csv
3e_athey_500_learned/data_train_enc_0.9_3.csv
3e_athey_500_learned/data_train_0.1_1.csv
3e_athey_500_learned/data_train_0.25_1.csv
3e_athey_500_learned/data_train_enc_0.9_2.csv
3e_athey_500_learned/data_train_0.5_4.csv
3e_athey_500_learned/data_train_0.75_1.csv
3e_athey_500_learned/data_train_enc_0.5_2.csv
3e_athey_500_learned/data_train_0.9_4.csv
3e_athey_500_learned/data_train_0.9_5.csv
3e_athey_500_learned/data_train_enc_0.5_3.csv
3e_athey_500_learned/data_train_0.75_2.csv
3e_athey_500_learned/data_train_enc_0.5_1.csv
3e_athey_500_learned/data_train_enc_0.1_5.csv
3e_athey_500_learned/data_train_enc_0.1_4.csv
3e_athey_500_learned/data_train_0.75_3.csv
3e_athey_500_learned/data_train_enc_0.5_4.csv
3e_athey_500_learned/data_train_0.9_2.csv
3e_athey_500_learned/data_train_enc_0.1_1.csv
3e_athey_500_learned/data_train_0.9_3.csv
3e_athey_500_learned/data_train_enc_0.5_5.csv
3e_athey_500_learned/data_train_0.75_4.csv
3e_athey_500_learned/data_train_0.9_1.csv
3e_athey_500_learned/data_train_enc_0.1_3.csv
3e_athey_500_learned/data_train_enc_0.1_2.csv
3e_athey_500_learned/data_train_0.75_5.csv
3e_athey_500_learned/data_train_enc_0.75_1.csv
3e_athey_500_learned/data_train_enc_0.75_2.csv
3e_athey_500_learned/data_train_enc_0.75_3.csv
3e_athey_500_learned/data_train_enc_0.75_4.csv
3e_athey_500_learned/data_train_enc_0.75_5.csv

Starting Training 1_Easy_100-0.1_1...
Out of Sample Probability for 1_Easy_0.1_1_100 = 90.31 %


Starting Training 1_Easy_100-0.1_2...
Out of Sample Probability for 1_Easy_0.1_2_100 = 49.14 %


Starting Training 1_Easy_100-0.1_3...
Out of Sample Probability for 1_Easy_0.1_3_100 = 89.14999999999999 %


Starting Training 1_Easy_100-0.1_4...
Out of Sample Probability for 1_Easy_0.1_4_100 = 83.41 %


Starting Training 1_Easy_100-0.1_5...
Out of Sample Probability for 1_Easy_0.1_5_100 = 80.92 %

Average Testing Accuracy for 0.1= 78.586 %


Starting Training 1_Easy_100-0.25_1...
Out of Sample Probability for 1_Easy_0.25_1_100 = 91.32000000000001 %


Starting Training 1_Easy_100-0.25_2...
Out of Sample Probability for 1_Easy_0.25_2_100 = 90.72 %


Starting Training 1_Easy_100-0.25_3...
Out of Sample Probability for 1_Easy_0.25_3_100 = 87.47 %


Starting Training 1_Easy_100-0.25_4...
Out of Sample Probability for 1_Easy_0.25_4_100 = 90.0 %


Starting Training 1_Easy_100-0.25_5...
Out of Sample Probability for 1_Easy_0.25_5_100 = 90.27 %

Average Testing Accuracy for 0.25= 89.95599999999999 %


Starting Training 1_Easy_100-0.5_1...
Out of Sample Probability for 1_Easy_0.5_1_100 = 91.36 %


Starting Training 1_Easy_100-0.5_2...
Out of Sample Probability for 1_Easy_0.5_2_100 = 91.27 %


Starting Training 1_Easy_100-0.5_3...
Out of Sample Probability for 1_Easy_0.5_3_100 = 89.08 %


Starting Training 1_Easy_100-0.5_4...
Out of Sample Probability for 1_Easy_0.5_4_100 = 89.46 %


Starting Training 1_Easy_100-0.5_5...
Out of Sample Probability for 1_Easy_0.5_5_100 = 91.14 %

Average Testing Accuracy for 0.5= 90.46199999999999 %


Starting Training 1_Easy_100-0.75_1...
Out of Sample Probability for 1_Easy_0.75_1_100 = 90.98 %


Starting Training 1_Easy_100-0.75_2...
Out of Sample Probability for 1_Easy_0.75_2_100 = 90.5 %


Starting Training 1_Easy_100-0.75_3...
Out of Sample Probability for 1_Easy_0.75_3_100 = 91.09 %


Starting Training 1_Easy_100-0.75_4...
Out of Sample Probability for 1_Easy_0.75_4_100 = 89.82 %


Starting Training 1_Easy_100-0.75_5...
Out of Sample Probability for 1_Easy_0.75_5_100 = 89.99000000000001 %

Average Testing Accuracy for 0.75= 90.47600000000001 %


Starting Training 1_Easy_100-0.9_1...
Out of Sample Probability for 1_Easy_0.9_1_100 = 90.33 %


Starting Training 1_Easy_100-0.9_2...
Out of Sample Probability for 1_Easy_0.9_2_100 = 91.34 %


Starting Training 1_Easy_100-0.9_3...
Out of Sample Probability for 1_Easy_0.9_3_100 = 90.8 %


Starting Training 1_Easy_100-0.9_4...
Out of Sample Probability for 1_Easy_0.9_4_100 = 57.3 %


Starting Training 1_Easy_100-0.9_5...
Out of Sample Probability for 1_Easy_0.9_5_100 = 90.39 %

Average Testing Accuracy for 0.9= 84.03200000000001 %


Starting Training 1_Easy_500-0.1_1...
Out of Sample Probability for 1_Easy_0.1_1_500 = 90.55 %


Starting Training 1_Easy_500-0.1_2...
Out of Sample Probability for 1_Easy_0.1_2_500 = 91.3 %


Starting Training 1_Easy_500-0.1_3...
Out of Sample Probability for 1_Easy_0.1_3_500 = 91.11 %


Starting Training 1_Easy_500-0.1_4...
Out of Sample Probability for 1_Easy_0.1_4_500 = 91.38 %


Starting Training 1_Easy_500-0.1_5...
Out of Sample Probability for 1_Easy_0.1_5_500 = 90.39 %

Average Testing Accuracy for 0.1= 90.946 %


Starting Training 1_Easy_500-0.25_1...
Out of Sample Probability for 1_Easy_0.25_1_500 = 91.02 %


Starting Training 1_Easy_500-0.25_2...
Out of Sample Probability for 1_Easy_0.25_2_500 = 91.58 %


Starting Training 1_Easy_500-0.25_3...
Out of Sample Probability for 1_Easy_0.25_3_500 = 91.33 %


Starting Training 1_Easy_500-0.25_4...
Out of Sample Probability for 1_Easy_0.25_4_500 = 91.51 %


Starting Training 1_Easy_500-0.25_5...
Out of Sample Probability for 1_Easy_0.25_5_500 = 90.62 %

Average Testing Accuracy for 0.25= 91.212 %


Starting Training 1_Easy_500-0.5_1...
Out of Sample Probability for 1_Easy_0.5_1_500 = 90.99000000000001 %


Starting Training 1_Easy_500-0.5_2...
Out of Sample Probability for 1_Easy_0.5_2_500 = 91.43 %


Starting Training 1_Easy_500-0.5_3...
Out of Sample Probability for 1_Easy_0.5_3_500 = 91.01 %


Starting Training 1_Easy_500-0.5_4...
Out of Sample Probability for 1_Easy_0.5_4_500 = 91.55 %


Starting Training 1_Easy_500-0.5_5...
Out of Sample Probability for 1_Easy_0.5_5_500 = 90.88000000000001 %

Average Testing Accuracy for 0.5= 91.172 %


Starting Training 1_Easy_500-0.75_1...
Out of Sample Probability for 1_Easy_0.75_1_500 = 89.42 %


Starting Training 1_Easy_500-0.75_2...
Out of Sample Probability for 1_Easy_0.75_2_500 = 91.25999999999999 %


Starting Training 1_Easy_500-0.75_3...
Out of Sample Probability for 1_Easy_0.75_3_500 = 91.33 %


Starting Training 1_Easy_500-0.75_4...
Out of Sample Probability for 1_Easy_0.75_4_500 = 91.53 %


Starting Training 1_Easy_500-0.75_5...
Out of Sample Probability for 1_Easy_0.75_5_500 = 90.98 %

Average Testing Accuracy for 0.75= 90.904 %


Starting Training 1_Easy_500-0.9_1...
Out of Sample Probability for 1_Easy_0.9_1_500 = 88.18 %


Starting Training 1_Easy_500-0.9_2...
Out of Sample Probability for 1_Easy_0.9_2_500 = 91.49000000000001 %


Starting Training 1_Easy_500-0.9_3...
Out of Sample Probability for 1_Easy_0.9_3_500 = 90.93 %


Starting Training 1_Easy_500-0.9_4...
Out of Sample Probability for 1_Easy_0.9_4_500 = 88.38000000000001 %


Starting Training 1_Easy_500-0.9_5...
Out of Sample Probability for 1_Easy_0.9_5_500 = 90.84 %

Average Testing Accuracy for 0.9= 89.96400000000001 %


Starting Training 1_Hard_100-0.1_1...
Out of Sample Probability for 1_Hard_0.1_1_100 = 90.31 %


Starting Training 1_Hard_100-0.1_2...
Out of Sample Probability for 1_Hard_0.1_2_100 = 49.14 %


Starting Training 1_Hard_100-0.1_3...
Out of Sample Probability for 1_Hard_0.1_3_100 = 89.14999999999999 %


Starting Training 1_Hard_100-0.1_4...
Out of Sample Probability for 1_Hard_0.1_4_100 = 83.41 %


Starting Training 1_Hard_100-0.1_5...
Out of Sample Probability for 1_Hard_0.1_5_100 = 80.92 %

Average Testing Accuracy for 0.1= 78.586 %


Starting Training 1_Hard_100-0.25_1...
Out of Sample Probability for 1_Hard_0.25_1_100 = 91.32000000000001 %


Starting Training 1_Hard_100-0.25_2...
Out of Sample Probability for 1_Hard_0.25_2_100 = 90.72 %


Starting Training 1_Hard_100-0.25_3...
Out of Sample Probability for 1_Hard_0.25_3_100 = 87.47 %


Starting Training 1_Hard_100-0.25_4...
Out of Sample Probability for 1_Hard_0.25_4_100 = 90.0 %


Starting Training 1_Hard_100-0.25_5...
Out of Sample Probability for 1_Hard_0.25_5_100 = 90.27 %

Average Testing Accuracy for 0.25= 89.95599999999999 %


Starting Training 1_Hard_100-0.5_1...
Out of Sample Probability for 1_Hard_0.5_1_100 = 91.36 %


Starting Training 1_Hard_100-0.5_2...
Out of Sample Probability for 1_Hard_0.5_2_100 = 91.27 %


Starting Training 1_Hard_100-0.5_3...
Out of Sample Probability for 1_Hard_0.5_3_100 = 89.08 %


Starting Training 1_Hard_100-0.5_4...
Out of Sample Probability for 1_Hard_0.5_4_100 = 89.46 %


Starting Training 1_Hard_100-0.5_5...
Out of Sample Probability for 1_Hard_0.5_5_100 = 91.14 %

Average Testing Accuracy for 0.5= 90.46199999999999 %


Starting Training 1_Hard_100-0.75_1...
Out of Sample Probability for 1_Hard_0.75_1_100 = 90.98 %


Starting Training 1_Hard_100-0.75_2...
Out of Sample Probability for 1_Hard_0.75_2_100 = 90.5 %


Starting Training 1_Hard_100-0.75_3...
Out of Sample Probability for 1_Hard_0.75_3_100 = 91.09 %


Starting Training 1_Hard_100-0.75_4...
Out of Sample Probability for 1_Hard_0.75_4_100 = 89.82 %


Starting Training 1_Hard_100-0.75_5...
Out of Sample Probability for 1_Hard_0.75_5_100 = 89.99000000000001 %

Average Testing Accuracy for 0.75= 90.47600000000001 %


Starting Training 1_Hard_100-0.9_1...
Out of Sample Probability for 1_Hard_0.9_1_100 = 90.33 %


Starting Training 1_Hard_100-0.9_2...
Out of Sample Probability for 1_Hard_0.9_2_100 = 91.34 %


Starting Training 1_Hard_100-0.9_3...
Out of Sample Probability for 1_Hard_0.9_3_100 = 90.8 %


Starting Training 1_Hard_100-0.9_4...
Out of Sample Probability for 1_Hard_0.9_4_100 = 57.3 %


Starting Training 1_Hard_100-0.9_5...
Out of Sample Probability for 1_Hard_0.9_5_100 = 90.39 %

Average Testing Accuracy for 0.9= 84.03200000000001 %


Starting Training 1_Hard_500-0.1_1...
Out of Sample Probability for 1_Hard_0.1_1_500 = 90.55 %


Starting Training 1_Hard_500-0.1_2...
Out of Sample Probability for 1_Hard_0.1_2_500 = 91.3 %


Starting Training 1_Hard_500-0.1_3...
Out of Sample Probability for 1_Hard_0.1_3_500 = 91.11 %


Starting Training 1_Hard_500-0.1_4...
Out of Sample Probability for 1_Hard_0.1_4_500 = 91.38 %


Starting Training 1_Hard_500-0.1_5...
Out of Sample Probability for 1_Hard_0.1_5_500 = 90.39 %

Average Testing Accuracy for 0.1= 90.946 %


Starting Training 1_Hard_500-0.25_1...
Out of Sample Probability for 1_Hard_0.25_1_500 = 91.02 %


Starting Training 1_Hard_500-0.25_2...
Out of Sample Probability for 1_Hard_0.25_2_500 = 91.58 %


Starting Training 1_Hard_500-0.25_3...
Out of Sample Probability for 1_Hard_0.25_3_500 = 91.33 %


Starting Training 1_Hard_500-0.25_4...
Out of Sample Probability for 1_Hard_0.25_4_500 = 91.51 %


Starting Training 1_Hard_500-0.25_5...
Out of Sample Probability for 1_Hard_0.25_5_500 = 90.62 %

Average Testing Accuracy for 0.25= 91.212 %


Starting Training 1_Hard_500-0.5_1...
Out of Sample Probability for 1_Hard_0.5_1_500 = 90.99000000000001 %


Starting Training 1_Hard_500-0.5_2...
Out of Sample Probability for 1_Hard_0.5_2_500 = 91.43 %


Starting Training 1_Hard_500-0.5_3...
Out of Sample Probability for 1_Hard_0.5_3_500 = 91.01 %


Starting Training 1_Hard_500-0.5_4...
Out of Sample Probability for 1_Hard_0.5_4_500 = 91.55 %


Starting Training 1_Hard_500-0.5_5...
Out of Sample Probability for 1_Hard_0.5_5_500 = 90.88000000000001 %

Average Testing Accuracy for 0.5= 91.172 %


Starting Training 1_Hard_500-0.75_1...
Out of Sample Probability for 1_Hard_0.75_1_500 = 89.42 %


Starting Training 1_Hard_500-0.75_2...
Out of Sample Probability for 1_Hard_0.75_2_500 = 91.25999999999999 %


Starting Training 1_Hard_500-0.75_3...
Out of Sample Probability for 1_Hard_0.75_3_500 = 91.33 %


Starting Training 1_Hard_500-0.75_4...
Out of Sample Probability for 1_Hard_0.75_4_500 = 91.53 %


Starting Training 1_Hard_500-0.75_5...
Out of Sample Probability for 1_Hard_0.75_5_500 = 90.98 %

Average Testing Accuracy for 0.75= 90.904 %


Starting Training 1_Hard_500-0.9_1...
Out of Sample Probability for 1_Hard_0.9_1_500 = 88.18 %


Starting Training 1_Hard_500-0.9_2...
Out of Sample Probability for 1_Hard_0.9_2_500 = 91.49000000000001 %


Starting Training 1_Hard_500-0.9_3...
Out of Sample Probability for 1_Hard_0.9_3_500 = 90.93 %


Starting Training 1_Hard_500-0.9_4...
Out of Sample Probability for 1_Hard_0.9_4_500 = 88.38000000000001 %


Starting Training 1_Hard_500-0.9_5...
Out of Sample Probability for 1_Hard_0.9_5_500 = 90.84 %

Average Testing Accuracy for 0.9= 89.96400000000001 %


Starting Training 2_Easy_100-0.1_1...
Out of Sample Probability for 2_Easy_0.1_1_100 = 84.65 %


Starting Training 2_Easy_100-0.1_2...
Out of Sample Probability for 2_Easy_0.1_2_100 = 85.85000000000001 %


Starting Training 2_Easy_100-0.1_3...
Out of Sample Probability for 2_Easy_0.1_3_100 = 85.2 %


Starting Training 2_Easy_100-0.1_4...
Out of Sample Probability for 2_Easy_0.1_4_100 = 84.44 %


Starting Training 2_Easy_100-0.1_5...
Out of Sample Probability for 2_Easy_0.1_5_100 = 85.11 %

Average Testing Accuracy for 0.1= 85.05 %


Starting Training 2_Easy_100-0.25_1...
Out of Sample Probability for 2_Easy_0.25_1_100 = 84.65 %


Starting Training 2_Easy_100-0.25_2...
Out of Sample Probability for 2_Easy_0.25_2_100 = 85.85000000000001 %


Starting Training 2_Easy_100-0.25_3...
Out of Sample Probability for 2_Easy_0.25_3_100 = 85.2 %


Starting Training 2_Easy_100-0.25_4...
Out of Sample Probability for 2_Easy_0.25_4_100 = 84.45 %


Starting Training 2_Easy_100-0.25_5...
Out of Sample Probability for 2_Easy_0.25_5_100 = 85.11 %

Average Testing Accuracy for 0.25= 85.05199999999999 %


Starting Training 2_Easy_100-0.5_1...
Out of Sample Probability for 2_Easy_0.5_1_100 = 84.65 %


Starting Training 2_Easy_100-0.5_2...
Out of Sample Probability for 2_Easy_0.5_2_100 = 85.85000000000001 %


Starting Training 2_Easy_100-0.5_3...
Out of Sample Probability for 2_Easy_0.5_3_100 = 85.2 %


Starting Training 2_Easy_100-0.5_4...
Out of Sample Probability for 2_Easy_0.5_4_100 = 84.45 %


Starting Training 2_Easy_100-0.5_5...
Out of Sample Probability for 2_Easy_0.5_5_100 = 85.11 %

Average Testing Accuracy for 0.5= 85.05199999999999 %


Starting Training 2_Easy_100-0.75_1...
Out of Sample Probability for 2_Easy_0.75_1_100 = 84.65 %


Starting Training 2_Easy_100-0.75_2...
Out of Sample Probability for 2_Easy_0.75_2_100 = 85.85000000000001 %


Starting Training 2_Easy_100-0.75_3...
Out of Sample Probability for 2_Easy_0.75_3_100 = 85.2 %


Starting Training 2_Easy_100-0.75_4...
Out of Sample Probability for 2_Easy_0.75_4_100 = 84.45 %


Starting Training 2_Easy_100-0.75_5...
Out of Sample Probability for 2_Easy_0.75_5_100 = 85.11 %

Average Testing Accuracy for 0.75= 85.05199999999999 %


Starting Training 2_Easy_100-0.9_1...
Out of Sample Probability for 2_Easy_0.9_1_100 = 84.65 %


Starting Training 2_Easy_100-0.9_2...
Out of Sample Probability for 2_Easy_0.9_2_100 = 85.85000000000001 %


Starting Training 2_Easy_100-0.9_3...
Out of Sample Probability for 2_Easy_0.9_3_100 = 85.2 %


Starting Training 2_Easy_100-0.9_4...
Out of Sample Probability for 2_Easy_0.9_4_100 = 84.45 %


Starting Training 2_Easy_100-0.9_5...
Out of Sample Probability for 2_Easy_0.9_5_100 = 85.11 %

Average Testing Accuracy for 0.9= 85.05199999999999 %


Starting Training 2_Easy_500-0.1_1...
Out of Sample Probability for 2_Easy_0.1_1_500 = 84.61 %


Starting Training 2_Easy_500-0.1_2...
Out of Sample Probability for 2_Easy_0.1_2_500 = 84.78 %


Starting Training 2_Easy_500-0.1_3...
Out of Sample Probability for 2_Easy_0.1_3_500 = 85.66 %


Starting Training 2_Easy_500-0.1_4...
Out of Sample Probability for 2_Easy_0.1_4_500 = 84.86 %


Starting Training 2_Easy_500-0.1_5...
Out of Sample Probability for 2_Easy_0.1_5_500 = 84.93 %

Average Testing Accuracy for 0.1= 84.96799999999999 %


Starting Training 2_Easy_500-0.25_1...
Out of Sample Probability for 2_Easy_0.25_1_500 = 84.6 %


Starting Training 2_Easy_500-0.25_2...
Out of Sample Probability for 2_Easy_0.25_2_500 = 84.91 %


Starting Training 2_Easy_500-0.25_3...
Out of Sample Probability for 2_Easy_0.25_3_500 = 85.66 %


Starting Training 2_Easy_500-0.25_4...
Out of Sample Probability for 2_Easy_0.25_4_500 = 84.86 %


Starting Training 2_Easy_500-0.25_5...
Out of Sample Probability for 2_Easy_0.25_5_500 = 84.93 %

Average Testing Accuracy for 0.25= 84.99199999999999 %


Starting Training 2_Easy_500-0.5_1...
Out of Sample Probability for 2_Easy_0.5_1_500 = 84.61 %


Starting Training 2_Easy_500-0.5_2...
Out of Sample Probability for 2_Easy_0.5_2_500 = 84.91 %


Starting Training 2_Easy_500-0.5_3...
Out of Sample Probability for 2_Easy_0.5_3_500 = 85.61999999999999 %


Starting Training 2_Easy_500-0.5_4...
Out of Sample Probability for 2_Easy_0.5_4_500 = 84.86 %


Starting Training 2_Easy_500-0.5_5...
Out of Sample Probability for 2_Easy_0.5_5_500 = 84.93 %

Average Testing Accuracy for 0.5= 84.986 %


Starting Training 2_Easy_500-0.75_1...
Out of Sample Probability for 2_Easy_0.75_1_500 = 84.61 %


Starting Training 2_Easy_500-0.75_2...
Out of Sample Probability for 2_Easy_0.75_2_500 = 84.78 %


Starting Training 2_Easy_500-0.75_3...
Out of Sample Probability for 2_Easy_0.75_3_500 = 85.66 %


Starting Training 2_Easy_500-0.75_4...
Out of Sample Probability for 2_Easy_0.75_4_500 = 84.87 %


Starting Training 2_Easy_500-0.75_5...
Out of Sample Probability for 2_Easy_0.75_5_500 = 84.93 %

Average Testing Accuracy for 0.75= 84.97 %


Starting Training 2_Easy_500-0.9_1...
Out of Sample Probability for 2_Easy_0.9_1_500 = 84.61 %


Starting Training 2_Easy_500-0.9_2...
Out of Sample Probability for 2_Easy_0.9_2_500 = 84.78 %


Starting Training 2_Easy_500-0.9_3...
Out of Sample Probability for 2_Easy_0.9_3_500 = 85.66 %


Starting Training 2_Easy_500-0.9_4...
Out of Sample Probability for 2_Easy_0.9_4_500 = 84.86 %


Starting Training 2_Easy_500-0.9_5...
Out of Sample Probability for 2_Easy_0.9_5_500 = 84.93 %

Average Testing Accuracy for 0.9= 84.96799999999999 %


Starting Training 3_Easy_100-0.1_1...
Out of Sample Probability for 3_Easy_0.1_1_100 = 95.56 %


Starting Training 3_Easy_100-0.1_2...
Out of Sample Probability for 3_Easy_0.1_2_100 = 95.94 %


Starting Training 3_Easy_100-0.1_3...
Out of Sample Probability for 3_Easy_0.1_3_100 = 95.69 %


Starting Training 3_Easy_100-0.1_4...
Out of Sample Probability for 3_Easy_0.1_4_100 = 95.97 %


Starting Training 3_Easy_100-0.1_5...
Out of Sample Probability for 3_Easy_0.1_5_100 = 95.77 %

Average Testing Accuracy for 0.1= 95.78599999999999 %


Starting Training 3_Easy_100-0.25_1...
Out of Sample Probability for 3_Easy_0.25_1_100 = 95.56 %


Starting Training 3_Easy_100-0.25_2...
Out of Sample Probability for 3_Easy_0.25_2_100 = 95.94 %


Starting Training 3_Easy_100-0.25_3...
Out of Sample Probability for 3_Easy_0.25_3_100 = 95.69 %


Starting Training 3_Easy_100-0.25_4...
Out of Sample Probability for 3_Easy_0.25_4_100 = 95.97 %


Starting Training 3_Easy_100-0.25_5...
Out of Sample Probability for 3_Easy_0.25_5_100 = 95.77 %

Average Testing Accuracy for 0.25= 95.78599999999999 %


Starting Training 3_Easy_100-0.5_1...
Out of Sample Probability for 3_Easy_0.5_1_100 = 95.56 %


Starting Training 3_Easy_100-0.5_2...
Out of Sample Probability for 3_Easy_0.5_2_100 = 95.94 %


Starting Training 3_Easy_100-0.5_3...
Out of Sample Probability for 3_Easy_0.5_3_100 = 95.69 %


Starting Training 3_Easy_100-0.5_4...
Out of Sample Probability for 3_Easy_0.5_4_100 = 95.97 %


Starting Training 3_Easy_100-0.5_5...
Out of Sample Probability for 3_Easy_0.5_5_100 = 95.77 %

Average Testing Accuracy for 0.5= 95.78599999999999 %


Starting Training 3_Easy_100-0.75_1...
Out of Sample Probability for 3_Easy_0.75_1_100 = 95.56 %


Starting Training 3_Easy_100-0.75_2...
Out of Sample Probability for 3_Easy_0.75_2_100 = 95.94 %


Starting Training 3_Easy_100-0.75_3...
Out of Sample Probability for 3_Easy_0.75_3_100 = 95.69 %


Starting Training 3_Easy_100-0.75_4...
Out of Sample Probability for 3_Easy_0.75_4_100 = 95.97 %


Starting Training 3_Easy_100-0.75_5...
Out of Sample Probability for 3_Easy_0.75_5_100 = 95.77 %

Average Testing Accuracy for 0.75= 95.78599999999999 %


Starting Training 3_Easy_100-0.9_1...
Out of Sample Probability for 3_Easy_0.9_1_100 = 95.56 %


Starting Training 3_Easy_100-0.9_2...
Out of Sample Probability for 3_Easy_0.9_2_100 = 95.94 %


Starting Training 3_Easy_100-0.9_3...
Out of Sample Probability for 3_Easy_0.9_3_100 = 95.69 %


Starting Training 3_Easy_100-0.9_4...
Out of Sample Probability for 3_Easy_0.9_4_100 = 95.97 %


Starting Training 3_Easy_100-0.9_5...
Out of Sample Probability for 3_Easy_0.9_5_100 = 95.77 %

Average Testing Accuracy for 0.9= 95.78599999999999 %


Starting Training 3_Easy_500-0.1_1...
Out of Sample Probability for 3_Easy_0.1_1_500 = 95.55 %


Starting Training 3_Easy_500-0.1_2...
Out of Sample Probability for 3_Easy_0.1_2_500 = 95.58 %


Starting Training 3_Easy_500-0.1_3...
Out of Sample Probability for 3_Easy_0.1_3_500 = 95.88 %


Starting Training 3_Easy_500-0.1_4...
Out of Sample Probability for 3_Easy_0.1_4_500 = 95.73 %


Starting Training 3_Easy_500-0.1_5...
Out of Sample Probability for 3_Easy_0.1_5_500 = 95.83 %

Average Testing Accuracy for 0.1= 95.714 %


Starting Training 3_Easy_500-0.25_1...
Out of Sample Probability for 3_Easy_0.25_1_500 = 95.55 %


Starting Training 3_Easy_500-0.25_2...
Out of Sample Probability for 3_Easy_0.25_2_500 = 95.58 %


Starting Training 3_Easy_500-0.25_3...
Out of Sample Probability for 3_Easy_0.25_3_500 = 95.88 %


Starting Training 3_Easy_500-0.25_4...
Out of Sample Probability for 3_Easy_0.25_4_500 = 95.73 %


Starting Training 3_Easy_500-0.25_5...
Out of Sample Probability for 3_Easy_0.25_5_500 = 95.83 %

Average Testing Accuracy for 0.25= 95.714 %


Starting Training 3_Easy_500-0.5_1...
Out of Sample Probability for 3_Easy_0.5_1_500 = 95.55 %


Starting Training 3_Easy_500-0.5_2...
Out of Sample Probability for 3_Easy_0.5_2_500 = 95.58 %


Starting Training 3_Easy_500-0.5_3...
Out of Sample Probability for 3_Easy_0.5_3_500 = 95.88 %


Starting Training 3_Easy_500-0.5_4...
Out of Sample Probability for 3_Easy_0.5_4_500 = 95.73 %


Starting Training 3_Easy_500-0.5_5...
Out of Sample Probability for 3_Easy_0.5_5_500 = 95.83 %

Average Testing Accuracy for 0.5= 95.714 %


Starting Training 3_Easy_500-0.75_1...
Out of Sample Probability for 3_Easy_0.75_1_500 = 95.55 %


Starting Training 3_Easy_500-0.75_2...
Out of Sample Probability for 3_Easy_0.75_2_500 = 95.58 %


Starting Training 3_Easy_500-0.75_3...
Out of Sample Probability for 3_Easy_0.75_3_500 = 95.88 %


Starting Training 3_Easy_500-0.75_4...
Out of Sample Probability for 3_Easy_0.75_4_500 = 95.73 %


Starting Training 3_Easy_500-0.75_5...
Out of Sample Probability for 3_Easy_0.75_5_500 = 95.83 %

Average Testing Accuracy for 0.75= 95.714 %


Starting Training 3_Easy_500-0.9_1...
Out of Sample Probability for 3_Easy_0.9_1_500 = 95.55 %


Starting Training 3_Easy_500-0.9_2...
Out of Sample Probability for 3_Easy_0.9_2_500 = 95.58 %


Starting Training 3_Easy_500-0.9_3...
Out of Sample Probability for 3_Easy_0.9_3_500 = 95.88 %


Starting Training 3_Easy_500-0.9_4...
Out of Sample Probability for 3_Easy_0.9_4_500 = 95.73 %


Starting Training 3_Easy_500-0.9_5...
Out of Sample Probability for 3_Easy_0.9_5_500 = 95.83 %

Average Testing Accuracy for 0.9= 95.714 %

1_Easy/
1_Easy/Output_100/
1_Easy/Output_100/oosp.json
1_Easy/Output_100/gap.json
1_Easy/Output_100/runtime.json
1_Easy/Output_500/
1_Easy/Output_500/oosp.json
1_Easy/Output_500/gap.json
1_Easy/Output_500/runtime.json
1_Hard/
1_Hard/Output_100/
1_Hard/Output_100/oosp.json
1_Hard/Output_100/gap.json
1_Hard/Output_100/runtime.json
1_Hard/Output_500/
1_Hard/Output_500/oosp.json
1_Hard/Output_500/gap.json
1_Hard/Output_500/runtime.json
2_Easy/
2_Easy/Output_100/
2_Easy/Output_100/oosp.json
2_Easy/Output_100/gap.json
2_Easy/Output_100/runtime.json
2_Easy/Output_500/
2_Easy/Output_500/oosp.json
2_Easy/Output_500/gap.json
2_Easy/Output_500/runtime.json
3_Easy/
3_Easy/Output_100/
3_Easy/Output_100/oosp.json
3_Easy/Output_100/gap.json
3_Easy/Output_100/runtime.json
3_Easy/Output_500/
3_Easy/Output_500/oosp.json
3_Easy/Output_500/gap.json
3_Easy/Output_500/runtime.json
