000 (21811.000.000) 2022-12-17 13:02:37 Job submitted from host: <144.92.142.185:9618?addrs=144.92.142.185-9618&alias=opt-submit.discovery.wisc.edu&noUDP&sock=schedd_24396_348e>
...
040 (21811.000.000) 2022-12-17 13:03:00 Started transferring input files
	Transferring to host: <144.92.142.168:9618?addrs=144.92.142.168-9618&alias=opt-b008.discovery.wisc.edu&noUDP&sock=slot1_2_22872_249b_12059>
...
040 (21811.000.000) 2022-12-17 13:03:07 Finished transferring input files
...
001 (21811.000.000) 2022-12-17 13:03:07 Job executing on host: <144.92.142.168:9618?addrs=144.92.142.168-9618&alias=opt-b008.discovery.wisc.edu&noUDP&sock=startd_22796_bd06>
...
006 (21811.000.000) 2022-12-17 13:03:16 Image size of job updated: 253280
	1  -  MemoryUsage of job (MB)
	980  -  ResidentSetSize of job (KB)
...
006 (21811.000.000) 2022-12-17 13:08:18 Image size of job updated: 2449008
	362  -  MemoryUsage of job (MB)
	370140  -  ResidentSetSize of job (KB)
...
006 (21811.000.000) 2022-12-17 13:13:18 Image size of job updated: 2449008
	665  -  MemoryUsage of job (MB)
	679964  -  ResidentSetSize of job (KB)
...
006 (21811.000.000) 2022-12-17 13:18:19 Image size of job updated: 2729572
	907  -  MemoryUsage of job (MB)
	927940  -  ResidentSetSize of job (KB)
...
006 (21811.000.000) 2022-12-17 13:23:19 Image size of job updated: 2793868
	907  -  MemoryUsage of job (MB)
	927940  -  ResidentSetSize of job (KB)
...
040 (21811.000.000) 2022-12-18 04:28:23 Started transferring output files
...
040 (21811.000.000) 2022-12-18 04:28:23 Finished transferring output files
...
005 (21811.000.000) 2022-12-18 04:28:24 Job terminated.
	(1) Normal termination (return value 0)
		Usr 0 21:35:25, Sys 0 00:13:21  -  Run Remote Usage
		Usr 0 00:00:00, Sys 0 00:00:00  -  Run Local Usage
		Usr 0 21:35:25, Sys 0 00:13:21  -  Total Remote Usage
		Usr 0 00:00:00, Sys 0 00:00:00  -  Total Local Usage
	227803  -  Run Bytes Sent By Job
	856272320  -  Run Bytes Received By Job
	227803  -  Total Bytes Sent By Job
	856272320  -  Total Bytes Received By Job
	Partitionable Resources :      Usage  Request Allocated 
	   Cpus                 :       1.03        4         4 
	   Disk (KB)            : 4093105     8388608   8900284 
	   Memory (MB)          :     907       32768     32768 

	Job terminated of its own accord at 2022-12-18T10:28:23Z.
...
