000 (21909.000.000) 2022-12-30 19:24:59 Job submitted from host: <144.92.142.185:9618?addrs=144.92.142.185-9618&alias=opt-submit.discovery.wisc.edu&noUDP&sock=schedd_8026_bf34>
...
040 (21909.000.000) 2022-12-30 19:25:02 Started transferring input files
	Transferring to host: <144.92.142.173:9618?addrs=144.92.142.173-9618&alias=opt-b001.discovery.wisc.edu&noUDP&sock=slot1_2_32169_b875_1499>
...
040 (21909.000.000) 2022-12-30 19:25:11 Finished transferring input files
...
001 (21909.000.000) 2022-12-30 19:25:11 Job executing on host: <144.92.142.173:9618?addrs=144.92.142.173-9618&alias=opt-b001.discovery.wisc.edu&noUDP&sock=startd_32093_b504>
...
006 (21909.000.000) 2022-12-30 19:25:19 Image size of job updated: 253280
	1  -  MemoryUsage of job (MB)
	984  -  ResidentSetSize of job (KB)
...
006 (21909.000.000) 2022-12-30 19:30:19 Image size of job updated: 4241008
	1524  -  MemoryUsage of job (MB)
	1560248  -  ResidentSetSize of job (KB)
...
006 (21909.000.000) 2022-12-30 19:40:19 Image size of job updated: 4293336
	1524  -  MemoryUsage of job (MB)
	1560248  -  ResidentSetSize of job (KB)
...
006 (21909.000.000) 2022-12-30 19:45:20 Image size of job updated: 4316936
	1700  -  MemoryUsage of job (MB)
	1739848  -  ResidentSetSize of job (KB)
...
006 (21909.000.000) 2022-12-30 19:55:20 Image size of job updated: 4355648
	1740  -  MemoryUsage of job (MB)
	1780992  -  ResidentSetSize of job (KB)
...
006 (21909.000.000) 2022-12-30 20:05:21 Image size of job updated: 4420096
	1774  -  MemoryUsage of job (MB)
	1815816  -  ResidentSetSize of job (KB)
...
006 (21909.000.000) 2022-12-30 20:10:22 Image size of job updated: 4521948
	2215  -  MemoryUsage of job (MB)
	2267144  -  ResidentSetSize of job (KB)
...
006 (21909.000.000) 2022-12-30 20:15:22 Image size of job updated: 4521948
	2270  -  MemoryUsage of job (MB)
	2324056  -  ResidentSetSize of job (KB)
...
006 (21909.000.000) 2022-12-30 20:20:23 Image size of job updated: 4521948
	2270  -  MemoryUsage of job (MB)
	2324240  -  ResidentSetSize of job (KB)
...
006 (21909.000.000) 2022-12-30 20:25:23 Image size of job updated: 4546996
	2300  -  MemoryUsage of job (MB)
	2354948  -  ResidentSetSize of job (KB)
...
006 (21909.000.000) 2022-12-30 20:30:24 Image size of job updated: 6252464
	2300  -  MemoryUsage of job (MB)
	2354948  -  ResidentSetSize of job (KB)
...
006 (21909.000.000) 2022-12-30 21:10:29 Image size of job updated: 6334460
	3197  -  MemoryUsage of job (MB)
	3273428  -  ResidentSetSize of job (KB)
...
006 (21909.000.000) 2022-12-30 21:15:29 Image size of job updated: 17294424
	7525  -  MemoryUsage of job (MB)
	7705332  -  ResidentSetSize of job (KB)
...
006 (21909.000.000) 2022-12-30 21:20:30 Image size of job updated: 17294424
	7526  -  MemoryUsage of job (MB)
	7705664  -  ResidentSetSize of job (KB)
...
006 (21909.000.000) 2022-12-30 21:25:30 Image size of job updated: 17294424
	7534  -  MemoryUsage of job (MB)
	7714636  -  ResidentSetSize of job (KB)
...
006 (21909.000.000) 2022-12-30 22:20:35 Image size of job updated: 17425192
	7546  -  MemoryUsage of job (MB)
	7726804  -  ResidentSetSize of job (KB)
...
006 (21909.000.000) 2022-12-30 22:25:35 Image size of job updated: 17466336
	7687  -  MemoryUsage of job (MB)
	7870584  -  ResidentSetSize of job (KB)
...
006 (21909.000.000) 2022-12-31 00:30:48 Image size of job updated: 17678828
	7687  -  MemoryUsage of job (MB)
	7870584  -  ResidentSetSize of job (KB)
...
006 (21909.000.000) 2022-12-31 00:45:49 Image size of job updated: 18993612
	8206  -  MemoryUsage of job (MB)
	8402296  -  ResidentSetSize of job (KB)
...
006 (21909.000.000) 2022-12-31 00:50:49 Image size of job updated: 35510800
	14738  -  MemoryUsage of job (MB)
	15091316  -  ResidentSetSize of job (KB)
...
006 (21909.000.000) 2022-12-31 00:55:50 Image size of job updated: 35510800
	14738  -  MemoryUsage of job (MB)
	15091336  -  ResidentSetSize of job (KB)
...
006 (21909.000.000) 2022-12-31 01:00:50 Image size of job updated: 35510800
	16902  -  MemoryUsage of job (MB)
	17307532  -  ResidentSetSize of job (KB)
...
006 (21909.000.000) 2022-12-31 01:05:50 Image size of job updated: 35510800
	17165  -  MemoryUsage of job (MB)
	17576204  -  ResidentSetSize of job (KB)
...
006 (21909.000.000) 2022-12-31 01:10:50 Image size of job updated: 35510800
	17476  -  MemoryUsage of job (MB)
	17895264  -  ResidentSetSize of job (KB)
...
006 (21909.000.000) 2022-12-31 01:15:51 Image size of job updated: 35510800
	17480  -  MemoryUsage of job (MB)
	17899460  -  ResidentSetSize of job (KB)
...
006 (21909.000.000) 2022-12-31 04:16:11 Image size of job updated: 35510800
	18515  -  MemoryUsage of job (MB)
	18958976  -  ResidentSetSize of job (KB)
...
006 (21909.000.000) 2022-12-31 04:21:11 Image size of job updated: 35510800
	18533  -  MemoryUsage of job (MB)
	18977380  -  ResidentSetSize of job (KB)
...
006 (21909.000.000) 2022-12-31 06:16:25 Image size of job updated: 35510800
	18576  -  MemoryUsage of job (MB)
	19021440  -  ResidentSetSize of job (KB)
...
006 (21909.000.000) 2022-12-31 06:21:25 Image size of job updated: 38191876
	19797  -  MemoryUsage of job (MB)
	20272032  -  ResidentSetSize of job (KB)
...
006 (21909.000.000) 2022-12-31 06:26:26 Image size of job updated: 38504956
	19810  -  MemoryUsage of job (MB)
	20284764  -  ResidentSetSize of job (KB)
...
006 (21909.000.000) 2022-12-31 14:42:14 Image size of job updated: 38504956
	20029  -  MemoryUsage of job (MB)
	20508972  -  ResidentSetSize of job (KB)
...
006 (21909.000.000) 2023-01-01 02:43:30 Image size of job updated: 38504956
	20499  -  MemoryUsage of job (MB)
	20990592  -  ResidentSetSize of job (KB)
...
006 (21909.000.000) 2023-01-01 02:48:31 Image size of job updated: 39115368
	20499  -  MemoryUsage of job (MB)
	20990600  -  ResidentSetSize of job (KB)
...
006 (21909.000.000) 2023-01-01 04:43:43 Image size of job updated: 40290436
	22301  -  MemoryUsage of job (MB)
	22835476  -  ResidentSetSize of job (KB)
...
006 (21909.000.000) 2023-01-01 04:48:43 Image size of job updated: 40290436
	22301  -  MemoryUsage of job (MB)
	22835868  -  ResidentSetSize of job (KB)
...
006 (21909.000.000) 2023-01-01 11:29:25 Image size of job updated: 40854680
	22301  -  MemoryUsage of job (MB)
	22835868  -  ResidentSetSize of job (KB)
...
006 (21909.000.000) 2023-01-02 07:36:30 Image size of job updated: 44069040
	23811  -  MemoryUsage of job (MB)
	24382224  -  ResidentSetSize of job (KB)
...
006 (21909.000.000) 2023-01-02 07:41:30 Image size of job updated: 44069040
	23934  -  MemoryUsage of job (MB)
	24508220  -  ResidentSetSize of job (KB)
...
006 (21909.000.000) 2023-01-02 07:46:31 Image size of job updated: 44069040
	23935  -  MemoryUsage of job (MB)
	24508420  -  ResidentSetSize of job (KB)
...
006 (21909.000.000) 2023-01-02 12:52:00 Image size of job updated: 46465292
	23935  -  MemoryUsage of job (MB)
	24508420  -  ResidentSetSize of job (KB)
...
006 (21909.000.000) 2023-01-02 13:02:01 Image size of job updated: 50178276
	24657  -  MemoryUsage of job (MB)
	25248488  -  ResidentSetSize of job (KB)
...
040 (21909.000.000) 2023-01-08 01:02:11 Started transferring output files
...
040 (21909.000.000) 2023-01-08 01:02:11 Finished transferring output files
...
005 (21909.000.000) 2023-01-08 01:02:11 Job terminated.
	(1) Normal termination (return value 0)
		Usr 18 18:11:59, Sys 0 14:20:52  -  Run Remote Usage
		Usr 0 00:00:00, Sys 0 00:00:00  -  Run Local Usage
		Usr 18 18:11:59, Sys 0 14:20:52  -  Total Remote Usage
		Usr 0 00:00:00, Sys 0 00:00:00  -  Total Local Usage
	1402476  -  Run Bytes Sent By Job
	856279488  -  Run Bytes Received By Job
	1402476  -  Total Bytes Sent By Job
	856279488  -  Total Bytes Received By Job
	Partitionable Resources :      Usage  Request Allocated 
	   Cpus                 :       1.09        4         4 
	   Disk (KB)            : 4096518     8388608   8471251 
	   Memory (MB)          :   24657       32768     32768 

	Job terminated of its own accord at 2023-01-08T07:02:10Z.
...
