000 (21804.000.000) 2022-12-17 12:59:01 Job submitted from host: <144.92.142.185:9618?addrs=144.92.142.185-9618&alias=opt-submit.discovery.wisc.edu&noUDP&sock=schedd_24396_348e>
...
040 (21804.000.000) 2022-12-17 12:59:02 Started transferring input files
	Transferring to host: <144.92.142.172:9618?addrs=144.92.142.172-9618&alias=opt-b012.discovery.wisc.edu&noUDP&sock=slot1_1_22413_bc68_13464>
...
040 (21804.000.000) 2022-12-17 12:59:09 Finished transferring input files
...
001 (21804.000.000) 2022-12-17 12:59:09 Job executing on host: <144.92.142.172:9618?addrs=144.92.142.172-9618&alias=opt-b012.discovery.wisc.edu&noUDP&sock=startd_22338_96a6>
...
006 (21804.000.000) 2022-12-17 12:59:18 Image size of job updated: 253280
	1  -  MemoryUsage of job (MB)
	980  -  ResidentSetSize of job (KB)
...
006 (21804.000.000) 2022-12-17 13:04:20 Image size of job updated: 2831832
	797  -  MemoryUsage of job (MB)
	815424  -  ResidentSetSize of job (KB)
...
006 (21804.000.000) 2022-12-17 13:09:20 Image size of job updated: 3906268
	1166  -  MemoryUsage of job (MB)
	1193044  -  ResidentSetSize of job (KB)
...
006 (21804.000.000) 2022-12-17 13:14:21 Image size of job updated: 3906268
	1248  -  MemoryUsage of job (MB)
	1277368  -  ResidentSetSize of job (KB)
...
006 (21804.000.000) 2022-12-17 13:29:23 Image size of job updated: 3906268
	1318  -  MemoryUsage of job (MB)
	1349544  -  ResidentSetSize of job (KB)
...
006 (21804.000.000) 2022-12-17 13:34:23 Image size of job updated: 3906268
	1400  -  MemoryUsage of job (MB)
	1433028  -  ResidentSetSize of job (KB)
...
006 (21804.000.000) 2022-12-17 13:44:24 Image size of job updated: 3998836
	1400  -  MemoryUsage of job (MB)
	1433028  -  ResidentSetSize of job (KB)
...
006 (21804.000.000) 2022-12-17 13:49:25 Image size of job updated: 3998836
	1448  -  MemoryUsage of job (MB)
	1481908  -  ResidentSetSize of job (KB)
...
040 (21804.000.000) 2022-12-18 06:45:27 Started transferring output files
...
040 (21804.000.000) 2022-12-18 06:45:27 Finished transferring output files
...
005 (21804.000.000) 2022-12-18 06:45:27 Job terminated.
	(1) Normal termination (return value 0)
		Usr 1 11:34:35, Sys 0 00:18:49  -  Run Remote Usage
		Usr 0 00:00:00, Sys 0 00:00:00  -  Run Local Usage
		Usr 1 11:34:35, Sys 0 00:18:49  -  Total Remote Usage
		Usr 0 00:00:00, Sys 0 00:00:00  -  Total Local Usage
	972526  -  Run Bytes Sent By Job
	856273408  -  Run Bytes Received By Job
	972526  -  Total Bytes Sent By Job
	856273408  -  Total Bytes Received By Job
	Partitionable Resources :      Usage  Request Allocated 
	   Cpus                 :       2.00        4         4 
	   Disk (KB)            : 4094336     8388608   9325400 
	   Memory (MB)          :    1448       32768     32768 

	Job terminated of its own accord at 2022-12-18T12:45:27Z.
...
