000 (21819.000.000) 2022-12-17 13:07:40 Job submitted from host: <144.92.142.185:9618?addrs=144.92.142.185-9618&alias=opt-submit.discovery.wisc.edu&noUDP&sock=schedd_24396_348e>
...
040 (21819.000.000) 2022-12-17 13:07:41 Started transferring input files
	Transferring to host: <144.92.142.182:9618?addrs=144.92.142.182-9618&alias=opt-a002.discovery.wisc.edu&noUDP&sock=slot1_7_22624_6791_12795>
...
040 (21819.000.000) 2022-12-17 13:07:48 Finished transferring input files
...
001 (21819.000.000) 2022-12-17 13:07:48 Job executing on host: <144.92.142.182:9618?addrs=144.92.142.182-9618&alias=opt-a002.discovery.wisc.edu&noUDP&sock=startd_22564_9b0e>
...
006 (21819.000.000) 2022-12-17 13:07:57 Image size of job updated: 1056
	2  -  MemoryUsage of job (MB)
	1056  -  ResidentSetSize of job (KB)
...
006 (21819.000.000) 2022-12-17 13:12:58 Image size of job updated: 3869688
	1606  -  MemoryUsage of job (MB)
	1643924  -  ResidentSetSize of job (KB)
...
006 (21819.000.000) 2022-12-17 13:17:58 Image size of job updated: 3918640
	1606  -  MemoryUsage of job (MB)
	1643924  -  ResidentSetSize of job (KB)
...
006 (21819.000.000) 2022-12-17 13:33:00 Image size of job updated: 11982468
	2229  -  MemoryUsage of job (MB)
	2282020  -  ResidentSetSize of job (KB)
...
006 (21819.000.000) 2022-12-17 13:38:01 Image size of job updated: 11982468
	3153  -  MemoryUsage of job (MB)
	3228488  -  ResidentSetSize of job (KB)
...
006 (21819.000.000) 2022-12-17 13:43:01 Image size of job updated: 13186896
	5628  -  MemoryUsage of job (MB)
	5762660  -  ResidentSetSize of job (KB)
...
006 (21819.000.000) 2022-12-17 13:48:02 Image size of job updated: 16914128
	9261  -  MemoryUsage of job (MB)
	9482316  -  ResidentSetSize of job (KB)
...
006 (21819.000.000) 2022-12-17 15:18:11 Image size of job updated: 17328668
	9408  -  MemoryUsage of job (MB)
	9632840  -  ResidentSetSize of job (KB)
...
006 (21819.000.000) 2022-12-17 15:23:12 Image size of job updated: 17328668
	9408  -  MemoryUsage of job (MB)
	9633108  -  ResidentSetSize of job (KB)
...
006 (21819.000.000) 2022-12-17 15:58:15 Image size of job updated: 17328668
	9539  -  MemoryUsage of job (MB)
	9767524  -  ResidentSetSize of job (KB)
...
006 (21819.000.000) 2022-12-17 16:03:16 Image size of job updated: 18134316
	10479  -  MemoryUsage of job (MB)
	10729796  -  ResidentSetSize of job (KB)
...
006 (21819.000.000) 2022-12-17 16:08:17 Image size of job updated: 18394448
	10485  -  MemoryUsage of job (MB)
	10736376  -  ResidentSetSize of job (KB)
...
040 (21819.000.000) 2022-12-18 02:04:04 Started transferring output files
...
040 (21819.000.000) 2022-12-18 02:04:04 Finished transferring output files
...
005 (21819.000.000) 2022-12-18 02:04:04 Job terminated.
	(1) Normal termination (return value 0)
		Usr 1 03:47:46, Sys 0 00:36:58  -  Run Remote Usage
		Usr 0 00:00:00, Sys 0 00:00:00  -  Run Local Usage
		Usr 1 03:47:46, Sys 0 00:36:58  -  Total Remote Usage
		Usr 0 00:00:00, Sys 0 00:00:00  -  Total Local Usage
	202050  -  Run Bytes Sent By Job
	856271744  -  Run Bytes Received By Job
	202050  -  Total Bytes Sent By Job
	856271744  -  Total Bytes Received By Job
	Partitionable Resources :      Usage  Request Allocated 
	   Cpus                 :       1.06        4         4 
	   Disk (KB)            : 4092932     8388608   8900283 
	   Memory (MB)          :   10485       32768     32768 

	Job terminated of its own accord at 2022-12-18T08:04:04Z.
...
