000 (21820.000.000) 2022-12-17 13:08:04 Job submitted from host: <144.92.142.185:9618?addrs=144.92.142.185-9618&alias=opt-submit.discovery.wisc.edu&noUDP&sock=schedd_24396_348e>
...
040 (21820.000.000) 2022-12-17 13:08:05 Started transferring input files
	Transferring to host: <144.92.142.182:9618?addrs=144.92.142.182-9618&alias=opt-a002.discovery.wisc.edu&noUDP&sock=slot1_8_22624_6791_12796>
...
040 (21820.000.000) 2022-12-17 13:08:12 Finished transferring input files
...
001 (21820.000.000) 2022-12-17 13:08:12 Job executing on host: <144.92.142.182:9618?addrs=144.92.142.182-9618&alias=opt-a002.discovery.wisc.edu&noUDP&sock=startd_22564_9b0e>
...
006 (21820.000.000) 2022-12-17 13:08:21 Image size of job updated: 253280
	2  -  MemoryUsage of job (MB)
	1048  -  ResidentSetSize of job (KB)
...
006 (21820.000.000) 2022-12-17 13:13:22 Image size of job updated: 1971128
	350  -  MemoryUsage of job (MB)
	357700  -  ResidentSetSize of job (KB)
...
006 (21820.000.000) 2022-12-17 13:18:22 Image size of job updated: 1971128
	359  -  MemoryUsage of job (MB)
	367496  -  ResidentSetSize of job (KB)
...
006 (21820.000.000) 2022-12-17 13:23:23 Image size of job updated: 1971128
	542  -  MemoryUsage of job (MB)
	554572  -  ResidentSetSize of job (KB)
...
006 (21820.000.000) 2022-12-17 13:28:23 Image size of job updated: 2006892
	658  -  MemoryUsage of job (MB)
	673184  -  ResidentSetSize of job (KB)
...
006 (21820.000.000) 2022-12-17 13:33:24 Image size of job updated: 12251328
	3136  -  MemoryUsage of job (MB)
	3210520  -  ResidentSetSize of job (KB)
...
006 (21820.000.000) 2022-12-17 13:38:24 Image size of job updated: 12251328
	5173  -  MemoryUsage of job (MB)
	5296288  -  ResidentSetSize of job (KB)
...
006 (21820.000.000) 2022-12-17 13:43:25 Image size of job updated: 15737504
	8639  -  MemoryUsage of job (MB)
	8845396  -  ResidentSetSize of job (KB)
...
006 (21820.000.000) 2022-12-17 13:48:25 Image size of job updated: 15737504
	8645  -  MemoryUsage of job (MB)
	8852268  -  ResidentSetSize of job (KB)
...
006 (21820.000.000) 2022-12-17 13:58:26 Image size of job updated: 18257164
	8645  -  MemoryUsage of job (MB)
	8852268  -  ResidentSetSize of job (KB)
...
006 (21820.000.000) 2022-12-17 15:13:34 Image size of job updated: 18257164
	8871  -  MemoryUsage of job (MB)
	9083236  -  ResidentSetSize of job (KB)
...
006 (21820.000.000) 2022-12-17 20:24:07 Image size of job updated: 18257164
	9495  -  MemoryUsage of job (MB)
	9722628  -  ResidentSetSize of job (KB)
...
006 (21820.000.000) 2022-12-17 20:29:07 Image size of job updated: 18257164
	9500  -  MemoryUsage of job (MB)
	9727820  -  ResidentSetSize of job (KB)
...
006 (21820.000.000) 2022-12-17 22:24:18 Image size of job updated: 18257164
	10199  -  MemoryUsage of job (MB)
	10443032  -  ResidentSetSize of job (KB)
...
006 (21820.000.000) 2022-12-17 22:29:19 Image size of job updated: 18257164
	10200  -  MemoryUsage of job (MB)
	10443988  -  ResidentSetSize of job (KB)
...
040 (21820.000.000) 2022-12-18 01:53:22 Started transferring output files
...
040 (21820.000.000) 2022-12-18 01:53:22 Finished transferring output files
...
005 (21820.000.000) 2022-12-18 01:53:22 Job terminated.
	(1) Normal termination (return value 0)
		Usr 1 04:06:24, Sys 0 00:42:15  -  Run Remote Usage
		Usr 0 00:00:00, Sys 0 00:00:00  -  Run Local Usage
		Usr 1 04:06:24, Sys 0 00:42:15  -  Total Remote Usage
		Usr 0 00:00:00, Sys 0 00:00:00  -  Total Local Usage
	210065  -  Run Bytes Sent By Job
	856271744  -  Run Bytes Received By Job
	210065  -  Total Bytes Sent By Job
	856271744  -  Total Bytes Received By Job
	Partitionable Resources :      Usage  Request Allocated 
	   Cpus                 :       1.82        4         4 
	   Disk (KB)            : 4092946     8388608   8900283 
	   Memory (MB)          :   10200       32768     32768 

	Job terminated of its own accord at 2022-12-18T07:53:22Z.
...
