000 (21845.000.000) 2022-12-18 20:02:32 Job submitted from host: <144.92.142.185:9618?addrs=144.92.142.185-9618&alias=opt-submit.discovery.wisc.edu&noUDP&sock=schedd_24396_348e>
...
040 (21845.000.000) 2022-12-18 20:02:49 Started transferring input files
	Transferring to host: <144.92.142.172:9618?addrs=144.92.142.172-9618&alias=opt-b012.discovery.wisc.edu&noUDP&sock=slot1_3_22413_bc68_13511>
...
040 (21845.000.000) 2022-12-18 20:02:56 Finished transferring input files
...
001 (21845.000.000) 2022-12-18 20:02:56 Job executing on host: <144.92.142.172:9618?addrs=144.92.142.172-9618&alias=opt-b012.discovery.wisc.edu&noUDP&sock=startd_22338_96a6>
...
006 (21845.000.000) 2022-12-18 20:03:05 Image size of job updated: 253280
	1  -  MemoryUsage of job (MB)
	976  -  ResidentSetSize of job (KB)
...
006 (21845.000.000) 2022-12-18 20:06:31 Image size of job updated: 1805416
	1  -  MemoryUsage of job (MB)
	976  -  ResidentSetSize of job (KB)
...
040 (21845.000.000) 2022-12-18 20:06:32 Started transferring output files
...
040 (21845.000.000) 2022-12-18 20:06:32 Finished transferring output files
...
005 (21845.000.000) 2022-12-18 20:06:32 Job terminated.
	(1) Normal termination (return value 0)
		Usr 0 00:07:03, Sys 0 00:00:32  -  Run Remote Usage
		Usr 0 00:00:00, Sys 0 00:00:00  -  Run Local Usage
		Usr 0 00:07:03, Sys 0 00:00:32  -  Total Remote Usage
		Usr 0 00:00:00, Sys 0 00:00:00  -  Total Local Usage
	29186  -  Run Bytes Sent By Job
	856266112  -  Run Bytes Received By Job
	29186  -  Total Bytes Sent By Job
	856266112  -  Total Bytes Received By Job
	Partitionable Resources :      Usage  Request Allocated 
	   Cpus                 :       2.32        4         4 
	   Disk (KB)            : 4092762     8388608   9325400 
	   Memory (MB)          :       1       32768     32768 

	Job terminated of its own accord at 2022-12-19T02:06:31Z.
...
