000 (21803.000.000) 2022-12-17 12:58:16 Job submitted from host: <144.92.142.185:9618?addrs=144.92.142.185-9618&alias=opt-submit.discovery.wisc.edu&noUDP&sock=schedd_24396_348e>
...
040 (21803.000.000) 2022-12-17 12:58:17 Started transferring input files
	Transferring to host: <144.92.142.172:9618?addrs=144.92.142.172-9618&alias=opt-b012.discovery.wisc.edu&noUDP&sock=slot1_4_22413_bc68_13463>
...
040 (21803.000.000) 2022-12-17 12:58:24 Finished transferring input files
...
001 (21803.000.000) 2022-12-17 12:58:24 Job executing on host: <144.92.142.172:9618?addrs=144.92.142.172-9618&alias=opt-b012.discovery.wisc.edu&noUDP&sock=startd_22338_96a6>
...
006 (21803.000.000) 2022-12-17 12:58:32 Image size of job updated: 253280
	1  -  MemoryUsage of job (MB)
	980  -  ResidentSetSize of job (KB)
...
006 (21803.000.000) 2022-12-17 13:03:32 Image size of job updated: 2369628
	586  -  MemoryUsage of job (MB)
	599568  -  ResidentSetSize of job (KB)
...
006 (21803.000.000) 2022-12-17 13:08:33 Image size of job updated: 3608080
	1197  -  MemoryUsage of job (MB)
	1225052  -  ResidentSetSize of job (KB)
...
006 (21803.000.000) 2022-12-17 13:13:33 Image size of job updated: 3745248
	1197  -  MemoryUsage of job (MB)
	1225052  -  ResidentSetSize of job (KB)
...
006 (21803.000.000) 2022-12-17 13:23:34 Image size of job updated: 3745248
	1330  -  MemoryUsage of job (MB)
	1361152  -  ResidentSetSize of job (KB)
...
006 (21803.000.000) 2022-12-17 13:28:35 Image size of job updated: 3745248
	1469  -  MemoryUsage of job (MB)
	1503716  -  ResidentSetSize of job (KB)
...
006 (21803.000.000) 2022-12-17 13:43:37 Image size of job updated: 3745248
	1494  -  MemoryUsage of job (MB)
	1529656  -  ResidentSetSize of job (KB)
...
006 (21803.000.000) 2022-12-17 14:03:38 Image size of job updated: 4124336
	1565  -  MemoryUsage of job (MB)
	1601676  -  ResidentSetSize of job (KB)
...
006 (21803.000.000) 2022-12-17 14:08:38 Image size of job updated: 4124336
	1646  -  MemoryUsage of job (MB)
	1684952  -  ResidentSetSize of job (KB)
...
040 (21803.000.000) 2022-12-18 06:26:34 Started transferring output files
...
040 (21803.000.000) 2022-12-18 06:26:35 Finished transferring output files
...
005 (21803.000.000) 2022-12-18 06:26:35 Job terminated.
	(1) Normal termination (return value 0)
		Usr 1 11:27:46, Sys 0 00:16:53  -  Run Remote Usage
		Usr 0 00:00:00, Sys 0 00:00:00  -  Run Local Usage
		Usr 1 11:27:46, Sys 0 00:16:53  -  Total Remote Usage
		Usr 0 00:00:00, Sys 0 00:00:00  -  Total Local Usage
	1048490  -  Run Bytes Sent By Job
	856273344  -  Run Bytes Received By Job
	1048490  -  Total Bytes Sent By Job
	856273344  -  Total Bytes Received By Job
	Partitionable Resources :      Usage  Request Allocated 
	   Cpus                 :       2.00        4         4 
	   Disk (KB)            : 4094468     8388608   9325400 
	   Memory (MB)          :    1646       32768     32768 

	Job terminated of its own accord at 2022-12-18T12:26:34Z.
...
