000 (21635.000.000) 2022-11-22 22:34:07 Job submitted from host: <144.92.142.185:9618?addrs=144.92.142.185-9618&alias=opt-submit.discovery.wisc.edu&noUDP&sock=schedd_24396_348e>
...
040 (21635.000.000) 2022-11-22 22:34:23 Started transferring input files
	Transferring to host: <144.92.142.182:9618?addrs=144.92.142.182-9618&alias=opt-a002.discovery.wisc.edu&noUDP&sock=slot1_1_22624_6791_7520>
...
040 (21635.000.000) 2022-11-22 22:34:35 Finished transferring input files
...
001 (21635.000.000) 2022-11-22 22:34:35 Job executing on host: <144.92.142.182:9618?addrs=144.92.142.182-9618&alias=opt-a002.discovery.wisc.edu&noUDP&sock=startd_22564_9b0e>
...
006 (21635.000.000) 2022-11-22 22:34:43 Image size of job updated: 253280
	2  -  MemoryUsage of job (MB)
	1052  -  ResidentSetSize of job (KB)
...
006 (21635.000.000) 2022-11-22 22:39:43 Image size of job updated: 3179240
	1395  -  MemoryUsage of job (MB)
	1427820  -  ResidentSetSize of job (KB)
...
006 (21635.000.000) 2022-11-22 22:44:44 Image size of job updated: 3179240
	1395  -  MemoryUsage of job (MB)
	1428144  -  ResidentSetSize of job (KB)
...
006 (21635.000.000) 2022-11-22 23:04:45 Image size of job updated: 3197344
	1395  -  MemoryUsage of job (MB)
	1428144  -  ResidentSetSize of job (KB)
...
006 (21635.000.000) 2022-11-22 23:09:46 Image size of job updated: 3197344
	1396  -  MemoryUsage of job (MB)
	1429100  -  ResidentSetSize of job (KB)
...
006 (21635.000.000) 2022-11-22 23:14:46 Image size of job updated: 3236112
	1396  -  MemoryUsage of job (MB)
	1429100  -  ResidentSetSize of job (KB)
...
006 (21635.000.000) 2022-11-22 23:29:47 Image size of job updated: 3271424
	1741  -  MemoryUsage of job (MB)
	1781884  -  ResidentSetSize of job (KB)
...
006 (21635.000.000) 2022-11-22 23:34:48 Image size of job updated: 3271424
	1907  -  MemoryUsage of job (MB)
	1952088  -  ResidentSetSize of job (KB)
...
006 (21635.000.000) 2022-11-22 23:39:48 Image size of job updated: 3271424
	1907  -  MemoryUsage of job (MB)
	1952124  -  ResidentSetSize of job (KB)
...
006 (21635.000.000) 2022-11-22 23:44:49 Image size of job updated: 3271424
	1943  -  MemoryUsage of job (MB)
	1989012  -  ResidentSetSize of job (KB)
...
006 (21635.000.000) 2022-11-23 00:14:52 Image size of job updated: 3271424
	2003  -  MemoryUsage of job (MB)
	2050864  -  ResidentSetSize of job (KB)
...
006 (21635.000.000) 2022-11-23 00:44:56 Image size of job updated: 3747684
	2237  -  MemoryUsage of job (MB)
	2290464  -  ResidentSetSize of job (KB)
...
006 (21635.000.000) 2022-11-23 00:49:57 Image size of job updated: 3747684
	2298  -  MemoryUsage of job (MB)
	2352736  -  ResidentSetSize of job (KB)
...
006 (21635.000.000) 2022-11-23 00:54:57 Image size of job updated: 3851484
	2299  -  MemoryUsage of job (MB)
	2353700  -  ResidentSetSize of job (KB)
...
006 (21635.000.000) 2022-11-23 00:59:58 Image size of job updated: 3851484
	2302  -  MemoryUsage of job (MB)
	2356620  -  ResidentSetSize of job (KB)
...
006 (21635.000.000) 2022-11-23 01:04:58 Image size of job updated: 4168868
	2302  -  MemoryUsage of job (MB)
	2357188  -  ResidentSetSize of job (KB)
...
006 (21635.000.000) 2022-11-23 01:09:59 Image size of job updated: 4234864
	2302  -  MemoryUsage of job (MB)
	2357188  -  ResidentSetSize of job (KB)
...
006 (21635.000.000) 2022-11-23 01:50:04 Image size of job updated: 4234864
	2344  -  MemoryUsage of job (MB)
	2399440  -  ResidentSetSize of job (KB)
...
006 (21635.000.000) 2022-11-23 01:55:04 Image size of job updated: 4234864
	2344  -  MemoryUsage of job (MB)
	2399516  -  ResidentSetSize of job (KB)
...
006 (21635.000.000) 2022-11-23 02:05:05 Image size of job updated: 5068284
	3133  -  MemoryUsage of job (MB)
	3208120  -  ResidentSetSize of job (KB)
...
040 (21635.000.000) 2022-11-23 02:30:59 Started transferring output files
...
040 (21635.000.000) 2022-11-23 02:30:59 Finished transferring output files
...
005 (21635.000.000) 2022-11-23 02:30:59 Job terminated.
	(1) Normal termination (return value 0)
		Usr 0 13:35:42, Sys 0 01:37:42  -  Run Remote Usage
		Usr 0 00:00:00, Sys 0 00:00:00  -  Run Local Usage
		Usr 0 13:35:42, Sys 0 01:37:42  -  Total Remote Usage
		Usr 0 00:00:00, Sys 0 00:00:00  -  Total Local Usage
	488193  -  Run Bytes Sent By Job
	846862528  -  Run Bytes Received By Job
	488193  -  Total Bytes Sent By Job
	846862528  -  Total Bytes Received By Job
	Partitionable Resources :      Usage  Request Allocated 
	   Cpus                 :       3.92        4         4 
	   Disk (KB)            : 4033646     8388608   8900283 
	   Memory (MB)          :    3133       32768     32768 

	Job terminated of its own accord at 2022-11-23T08:30:59Z.
...
