000 (21129.000.000) 2022-08-18 21:09:13 Job submitted from host: <144.92.142.185:9618?addrs=144.92.142.185-9618&alias=opt-submit.discovery.wisc.edu&noUDP&sock=schedd_8094_63a5>
...
040 (21129.000.000) 2022-08-18 21:09:55 Started transferring input files
	Transferring to host: <144.92.142.191:9618?addrs=144.92.142.191-9618&alias=opt-a006.discovery.wisc.edu&noUDP&sock=slot1_4_44473_006a_4742>
...
040 (21129.000.000) 2022-08-18 21:10:08 Finished transferring input files
...
001 (21129.000.000) 2022-08-18 21:10:08 Job executing on host: <144.92.142.191:9618?addrs=144.92.142.191-9618&alias=opt-a006.discovery.wisc.edu&noUDP&sock=startd_44399_997a>
...
006 (21129.000.000) 2022-08-18 21:10:16 Image size of job updated: 253280
	2  -  MemoryUsage of job (MB)
	1048  -  ResidentSetSize of job (KB)
...
040 (21129.000.000) 2022-08-18 21:10:27 Started transferring output files
...
040 (21129.000.000) 2022-08-18 21:10:27 Finished transferring output files
...
007 (21129.000.000) 2022-08-18 21:10:27 Shadow exception!
	Error from slot1_4@opt-a006.discovery.wisc.edu: STARTER at 144.92.142.191 failed to send file(s) to <144.92.142.185:9618>: error reading from /var/lib/condor/execute/dir_21562/1_easy.tar.gz: (errno 2) No such file or directory; SHADOW failed to receive file(s) from <144.92.142.191:37178>
	24572  -  Run Bytes Sent By Job
	940283776  -  Run Bytes Received By Job
...
012 (21129.000.000) 2022-08-18 21:10:27 Job was held.
	Error from slot1_4@opt-a006.discovery.wisc.edu: STARTER at 144.92.142.191 failed to send file(s) to <144.92.142.185:9618>: error reading from /var/lib/condor/execute/dir_21562/1_easy.tar.gz: (errno 2) No such file or directory; SHADOW failed to receive file(s) from <144.92.142.191:37178>
	Code 13 Subcode 2
...
009 (21129.000.000) 2022-08-18 21:10:52 Job was aborted.
	via condor_rm (by user vpatil)

	Job terminated by itself at 2022-08-19T02:10:27Z (using method 0: OF_ITS_OWN_ACCORD).
...
000 (21130.000.000) 2022-08-18 21:11:06 Job submitted from host: <144.92.142.185:9618?addrs=144.92.142.185-9618&alias=opt-submit.discovery.wisc.edu&noUDP&sock=schedd_8094_63a5>
...
040 (21130.000.000) 2022-08-18 21:13:25 Started transferring input files
	Transferring to host: <144.92.142.191:9618?addrs=144.92.142.191-9618&alias=opt-a006.discovery.wisc.edu&noUDP&sock=slot1_1_44473_006a_4743>
...
040 (21130.000.000) 2022-08-18 21:13:33 Finished transferring input files
...
001 (21130.000.000) 2022-08-18 21:13:33 Job executing on host: <144.92.142.191:9618?addrs=144.92.142.191-9618&alias=opt-a006.discovery.wisc.edu&noUDP&sock=startd_44399_997a>
...
006 (21130.000.000) 2022-08-18 21:13:41 Image size of job updated: 1052
	2  -  MemoryUsage of job (MB)
	1052  -  ResidentSetSize of job (KB)
...
006 (21130.000.000) 2022-08-18 21:18:41 Image size of job updated: 2900452
	436  -  MemoryUsage of job (MB)
	445808  -  ResidentSetSize of job (KB)
...
006 (21130.000.000) 2022-08-18 21:23:42 Image size of job updated: 2904736
	436  -  MemoryUsage of job (MB)
	445808  -  ResidentSetSize of job (KB)
...
006 (21130.000.000) 2022-08-18 21:28:43 Image size of job updated: 3003992
	997  -  MemoryUsage of job (MB)
	1019948  -  ResidentSetSize of job (KB)
...
006 (21130.000.000) 2022-08-18 21:33:43 Image size of job updated: 3023508
	1362  -  MemoryUsage of job (MB)
	1394028  -  ResidentSetSize of job (KB)
...
006 (21130.000.000) 2022-08-18 21:43:44 Image size of job updated: 3033232
	1416  -  MemoryUsage of job (MB)
	1449440  -  ResidentSetSize of job (KB)
...
006 (21130.000.000) 2022-08-18 21:48:44 Image size of job updated: 3035248
	1417  -  MemoryUsage of job (MB)
	1450716  -  ResidentSetSize of job (KB)
...
006 (21130.000.000) 2022-08-18 21:53:44 Image size of job updated: 3035544
	1417  -  MemoryUsage of job (MB)
	1450716  -  ResidentSetSize of job (KB)
...
006 (21130.000.000) 2022-08-18 21:58:45 Image size of job updated: 3039048
	1417  -  MemoryUsage of job (MB)
	1450716  -  ResidentSetSize of job (KB)
...
006 (21130.000.000) 2022-08-18 22:03:45 Image size of job updated: 3039048
	1467  -  MemoryUsage of job (MB)
	1501444  -  ResidentSetSize of job (KB)
...
006 (21130.000.000) 2022-08-18 22:28:48 Image size of job updated: 3069200
	1467  -  MemoryUsage of job (MB)
	1501444  -  ResidentSetSize of job (KB)
...
006 (21130.000.000) 2022-08-18 22:33:48 Image size of job updated: 3069200
	1594  -  MemoryUsage of job (MB)
	1631348  -  ResidentSetSize of job (KB)
...
006 (21130.000.000) 2022-08-18 22:38:49 Image size of job updated: 3150584
	1896  -  MemoryUsage of job (MB)
	1940796  -  ResidentSetSize of job (KB)
...
006 (21130.000.000) 2022-08-18 23:03:52 Image size of job updated: 3179256
	1896  -  MemoryUsage of job (MB)
	1940796  -  ResidentSetSize of job (KB)
...
006 (21130.000.000) 2022-08-18 23:08:52 Image size of job updated: 3191952
	1896  -  MemoryUsage of job (MB)
	1940796  -  ResidentSetSize of job (KB)
...
006 (21130.000.000) 2022-08-18 23:28:54 Image size of job updated: 3191952
	1926  -  MemoryUsage of job (MB)
	1971832  -  ResidentSetSize of job (KB)
...
006 (21130.000.000) 2022-08-18 23:30:06 Image size of job updated: 3191952
	1926  -  MemoryUsage of job (MB)
	1971848  -  ResidentSetSize of job (KB)
...
040 (21130.000.000) 2022-08-18 23:30:06 Started transferring output files
...
040 (21130.000.000) 2022-08-18 23:30:06 Finished transferring output files
...
005 (21130.000.000) 2022-08-18 23:30:06 Job terminated.
	(1) Normal termination (return value 0)
		Usr 0 07:33:11, Sys 0 01:04:24  -  Run Remote Usage
		Usr 0 00:00:00, Sys 0 00:00:00  -  Run Local Usage
		Usr 0 07:33:11, Sys 0 01:04:24  -  Total Remote Usage
		Usr 0 00:00:00, Sys 0 00:00:00  -  Total Local Usage
	963055  -  Run Bytes Sent By Job
	940283776  -  Run Bytes Received By Job
	963055  -  Total Bytes Sent By Job
	940283776  -  Total Bytes Received By Job
	Partitionable Resources :      Usage  Request Allocated 
	   Cpus                 :       3.91        4         4 
	   Disk (KB)            : 4407998     8388608   8900252 
	   Memory (MB)          :    1926       32768     32768 

	Job terminated of its own accord at 2022-08-19T04:30:06Z.
...
